xrun(64): 25.03-s003: (c) Copyright 1995-2025 Cadence Design Systems, Inc.
TOOL:	xrun(64)	25.03-s003: Started on Nov 01, 2025 at 07:38:05 EDT
xrun
	-uvmhome /tools/software/cadence/xcelium/latest/tools/methodology/UVM/CDNS-1.1d
	-64bit
	-sv
	-linedebug
	-access +rwc
	-timescale 1ns/10ps
	-coverage all
	-licqueue
	-covoverwrite
	+UVM_MAX_QUIT_COUNT=1
	+UVM_TESTNAME=all_gcd_test
	+UVM_VERBOSITY=UVM_FULL
	+define++SIM=1
	-incdir src/uvm/tests
	-incdir src/uvm/agent
	-incdir src/uvm/sequences
	-incdir src/uvm/env
	-incdir src/uvm/tb
	src/sv/rtl/gcd_pkg.sv
	src/sv/rtl/gcd.sv
	src/uvm/sequences/gcd_seq_pkg.sv
	src/uvm/agent/gcd_agent_pkg.sv
	src/uvm/env/gcd_env_pkg.sv
	src/uvm/tests/gcd_test_pkg.sv
	src/uvm/tb/gcd_if.sv
	src/uvm/tb/gcd_tb_top.sv
	-top gcd_tb_top
	-logfile simulation.log

   User defined plus("+") options:
	+UVM_MAX_QUIT_COUNT=1
	+UVM_VERBOSITY=UVM_FULL

xrun: *W,BADPRF: The -linedebug option may have an adverse performance impact.
Compiling UVM packages (uvm_pkg.sv cdns_uvm_pkg.sv) using uvmhome location /tools/software/cadence/xcelium/latest/tools/methodology/UVM/CDNS-1.1d
file: src/sv/rtl/gcd_pkg.sv
	package worklib.gcd_pkg:sv
		errors: 0, warnings: 0
file: src/sv/rtl/gcd.sv
	module worklib.gcd:sv
		errors: 0, warnings: 0
file: src/uvm/sequences/gcd_seq_pkg.sv
	package worklib.gcd_seq_pkg:sv
		errors: 0, warnings: 0
file: src/uvm/agent/gcd_agent_pkg.sv
	package worklib.gcd_agent_pkg:sv
		errors: 0, warnings: 0
file: src/uvm/env/gcd_env_pkg.sv
	package worklib.gcd_env_pkg:sv
		errors: 0, warnings: 0
file: src/uvm/tests/gcd_test_pkg.sv
	package worklib.gcd_test_pkg:sv
		errors: 0, warnings: 0
file: src/uvm/tb/gcd_if.sv
	interface worklib.gcd_if:sv
		errors: 0, warnings: 0
file: src/uvm/tb/gcd_tb_top.sv
	module worklib.gcd_tb_top:sv
		errors: 0, warnings: 0
xmvlog: *W,SPDUSD: Include directory src/uvm/tb given but not used.
	Total errors/warnings found outside modules and primitives:
		errors: 0, warnings: 1
	Elaborating the design hierarchy:
		Caching library 'worklib' ....... Done
	Top level design units:
		uvm_pkg
		cdns_uvmapi
		cdns_assert2uvm_pkg
		cdns_uvm_pkg
		gcd_seq_pkg
		gcd_agent_pkg
		gcd_env_pkg
		gcd_test_pkg
		gcd_pkg
		gcd_tb_top

	Extracting FSMs for coverage:
		worklib.gcd
			FSM extracted for state register state_r
		worklib.gcd_tb_top
	Total FSMs extracted = 1
	Building instance overlay tables: ....................
xmelab: *W,COVFDP: FSM description matching across instance of a module for "COVFDM" warning has been moved from elaboration to simulation dumping. To restore old matching behavior, use "set_backward_compat -COVFDM_during_elab". Also, it is recommended to use set_parameterized_module_coverage CCF command to avoid coverage loss due to FSM description difference across instances of a module.
xmelab: *W,COVFHT: FSM hold transitions (transitions to the current state) are not extracted for any FSM in default mode.
 Done
	Enabling instrumentation for coverage types: block expression FSM toggle functional
xmelab: *W,COVDCL: By default expression coverage is scored only for Verilog logical operators (|| and &&) and VHDL logical operators (OR, AND, NOR, and NAND), and is scored only in condition expressions. To score coverage for other operators and for expressions in other statements, use the "set_expr_coverable_operators" and "set_expr_coverable_statements" coverage configuration file commands with suitable options at elaboration.
	Generating native compiled code:
		worklib.gcd:sv <0x62e96140>
			streams:  22, words: 17371
		worklib.gcd_tb_top:sv <0x4e60520a>
			streams: 554, words: 791211
		worklib.gcd_seq_pkg:sv <0x3785a46c>
			streams: 395, words: 682293
		worklib.cdns_uvm_pkg:sv <0x2b4d36f9>
			streams: 183, words: 393706
		worklib.cdns_uvmapi:svp <0x7cc18139>
			streams:  27, words: 46418
		worklib.cdns_assert2uvm_pkg:sv <0x30b4c726>
			streams:   3, words:  3144
		worklib.uvm_pkg:sv <0x0f6eb221>
			streams: 5407, words: 12202663
xmelab: *W,COVNOEN: By default, toggle coverage is not supported for systemverilog enumerated nets and variables. To enable toggle coverage of these objects, specify the 'set_toggle_scoring -sv_enum' command in the coverage configuration file.
	Building instance specific data structures.
	Loading native compiled code:     .................... Done
	Design hierarchy summary:
		                        Instances  Unique
		Modules:                        2       2
		Interfaces:                     1       1
		Verilog packages:               9       9
		Registers:                 14,520  10,416
		Scalar wires:                   7       -
		Vectored wires:                 4       -
		Named events:                   4      12
		Always blocks:                  4       4
		Initial blocks:               324     170
		Parallel blocks:               26      27
		Pseudo assignments:             9       -
		Assertions:                     2       2
		SV Class declarations:        211     325
		SV Class specializations:     407     407
		Simulation timescale:       100ps
	Writing initial simulation snapshot: worklib.gcd_tb_top:sv
Loading snapshot worklib.gcd_tb_top:sv .................... Done
SVSEED default: 1
xcelium> source /tools/software/cadence/xcelium/latest/tools/xcelium/files/xmsimrc
xcelium> source /tools/software/cadence/xcelium/latest/tools/methodology/UVM/CDNS-1.1d/additions/sv/files/tcl/uvm_sim.tcl
xcelium> run
----------------------------------------------------------------
CDNS-UVM-1.1d (25.03-s003)
(C) 2007-2013 Mentor Graphics Corporation
(C) 2007-2013 Cadence Design Systems, Inc.
(C) 2006-2013 Synopsys, Inc.
(C) 2011-2013 Cypress Semiconductor Corp.
----------------------------------------------------------------

  ***********       IMPORTANT RELEASE NOTES         ************

  You are using a version of the UVM library that has been compiled
  with `UVM_NO_DEPRECATED undefined.
  See http://www.eda.org/svdb/view.php?id=3313 for more details.

  You are using a version of the UVM library that has been compiled
  with `UVM_OBJECT_MUST_HAVE_CONSTRUCTOR undefined.
  See http://www.eda.org/svdb/view.php?id=3770 for more details.

      (Specify +UVM_NO_RELNOTES to turn off this notice)

UVM_INFO @ 0: reporter [RNTST] Running test all_gcd_test...
UVM_INFO @ 0: reporter [MAXQUITSET] '+UVM_MAX_QUIT_COUNT=1' provided on the command line is being applied.
UVM_INFO @ 0: reporter [UVMTOP] UVM testbench topology:
------------------------------------------------------------------
Name                        Type                    Size  Value   
------------------------------------------------------------------
uvm_test_top                all_gcd_test            -     @2474   
  env                       gcd_env                 -     @2547   
    agent                   gcd_agent               -     @2579   
      drv                   gcd_driver              -     @2772   
        rsp_port            uvm_analysis_port       -     @2872   
          recording_detail  uvm_verbosity           32    UVM_FULL
        seq_item_port       uvm_seq_item_pull_port  -     @2821   
          recording_detail  uvm_verbosity           32    UVM_FULL
        recording_detail    uvm_verbosity           32    UVM_FULL
      mon                   gcd_monitor             -     @2691   
        ap                  uvm_analysis_port       -     @2742   
          recording_detail  uvm_verbosity           32    UVM_FULL
        recording_detail    uvm_verbosity           32    UVM_FULL
      seqr                  gcd_sequencer           -     @2902   
        rsp_export          uvm_analysis_export     -     @2960   
          recording_detail  uvm_verbosity           32    UVM_FULL
        seq_item_export     uvm_seq_item_pull_imp   -     @3508   
          recording_detail  uvm_verbosity           32    UVM_FULL
        recording_detail    uvm_verbosity           32    UVM_FULL
        arbitration_queue   array                   0     -       
        lock_queue          array                   0     -       
        num_last_reqs       integral                32    'd1     
        num_last_rsps       integral                32    'd1     
      recording_detail      uvm_verbosity           32    UVM_FULL
    sb                      gcd_sb                  -     @2577   
      analysis_export       uvm_analysis_imp        -     @2659   
        recording_detail    uvm_verbosity           32    UVM_FULL
      recording_detail      uvm_verbosity           32    UVM_FULL
    recording_detail        uvm_verbosity           32    UVM_FULL
------------------------------------------------------------------

UVM_INFO src/uvm/tests/gcd_base_test.svh(49) @ 0: uvm_test_top [all_gcd_test] Start of simulation for uvm_test_top
UVM_INFO src/uvm/tests/gcd_test_lib.sv(156) @ 0: uvm_test_top [all_gcd_test] Starting simple_gcd_seq
SDI/Verilog Transaction Recording Facility Version 25.03-s003
UVM_INFO /tools/software/cadence/xcelium/latest/tools/methodology/UVM/CDNS-1.1d/sv/src/seq/uvm_sequencer_base.svh(1385) @ 0: uvm_test_top.env.agent.seqr [PHASESEQ] No default phase sequence for phase 'run'
UVM_INFO src/uvm/sequences/gcd_seq_lib.sv(29) @ 0: uvm_test_top.env.agent.seqr@@simple_seq [simple_gcd_seq] Executing simple sequence
UVM_INFO /tools/software/cadence/xcelium/latest/tools/methodology/UVM/CDNS-1.1d/sv/src/seq/uvm_sequencer_base.svh(1385) @ 0: uvm_test_top.env.agent.seqr [PHASESEQ] No default phase sequence for phase 'pre_reset'
UVM_INFO /tools/software/cadence/xcelium/latest/tools/methodology/UVM/CDNS-1.1d/sv/src/seq/uvm_sequencer_base.svh(1385) @ 0: uvm_test_top.env.agent.seqr [PHASESEQ] No default phase sequence for phase 'reset'
UVM_INFO /tools/software/cadence/xcelium/latest/tools/methodology/UVM/CDNS-1.1d/sv/src/seq/uvm_sequencer_base.svh(1385) @ 0: uvm_test_top.env.agent.seqr [PHASESEQ] No default phase sequence for phase 'post_reset'
UVM_INFO /tools/software/cadence/xcelium/latest/tools/methodology/UVM/CDNS-1.1d/sv/src/seq/uvm_sequencer_base.svh(1385) @ 0: uvm_test_top.env.agent.seqr [PHASESEQ] No default phase sequence for phase 'pre_configure'
UVM_INFO /tools/software/cadence/xcelium/latest/tools/methodology/UVM/CDNS-1.1d/sv/src/seq/uvm_sequencer_base.svh(1385) @ 0: uvm_test_top.env.agent.seqr [PHASESEQ] No default phase sequence for phase 'configure'
UVM_INFO /tools/software/cadence/xcelium/latest/tools/methodology/UVM/CDNS-1.1d/sv/src/seq/uvm_sequencer_base.svh(1385) @ 0: uvm_test_top.env.agent.seqr [PHASESEQ] No default phase sequence for phase 'post_configure'
UVM_INFO /tools/software/cadence/xcelium/latest/tools/methodology/UVM/CDNS-1.1d/sv/src/seq/uvm_sequencer_base.svh(1385) @ 0: uvm_test_top.env.agent.seqr [PHASESEQ] No default phase sequence for phase 'pre_main'
UVM_INFO /tools/software/cadence/xcelium/latest/tools/methodology/UVM/CDNS-1.1d/sv/src/seq/uvm_sequencer_base.svh(1385) @ 0: uvm_test_top.env.agent.seqr [PHASESEQ] No default phase sequence for phase 'main'
UVM_INFO /tools/software/cadence/xcelium/latest/tools/methodology/UVM/CDNS-1.1d/sv/src/seq/uvm_sequencer_base.svh(1385) @ 0: uvm_test_top.env.agent.seqr [PHASESEQ] No default phase sequence for phase 'post_main'
UVM_INFO /tools/software/cadence/xcelium/latest/tools/methodology/UVM/CDNS-1.1d/sv/src/seq/uvm_sequencer_base.svh(1385) @ 0: uvm_test_top.env.agent.seqr [PHASESEQ] No default phase sequence for phase 'pre_shutdown'
UVM_INFO /tools/software/cadence/xcelium/latest/tools/methodology/UVM/CDNS-1.1d/sv/src/seq/uvm_sequencer_base.svh(1385) @ 0: uvm_test_top.env.agent.seqr [PHASESEQ] No default phase sequence for phase 'shutdown'
UVM_INFO /tools/software/cadence/xcelium/latest/tools/methodology/UVM/CDNS-1.1d/sv/src/seq/uvm_sequencer_base.svh(1385) @ 0: uvm_test_top.env.agent.seqr [PHASESEQ] No default phase sequence for phase 'post_shutdown'
UVM_INFO src/uvm/env/gcd_sb.sv(53) @ 8100: uvm_test_top.env.sb [SB] Match: A=239 B=231 GCD=1
UVM_INFO src/uvm/agent/gcd_monitor.sv(51) @ 8100: uvm_test_top.env.agent.mon [MON] Observed: A=239 B=231 GCD=1
UVM_INFO src/uvm/tests/gcd_test_lib.sv(160) @ 8100: uvm_test_top [all_gcd_test] Completed simple_gcd_seq
UVM_INFO src/uvm/tests/gcd_test_lib.sv(156) @ 8100: uvm_test_top [all_gcd_test] Starting gcd_randomN_seq
UVM_INFO src/uvm/sequences/gcd_seq_lib.sv(52) @ 8100: uvm_test_top.env.agent.seqr@@randomN_seq [gcd_randomN_seq] Running 200 randomized items
UVM_INFO src/uvm/env/gcd_sb.sv(53) @ 11100: uvm_test_top.env.sb [SB] Match: A=94 B=61 GCD=1
UVM_INFO src/uvm/agent/gcd_monitor.sv(51) @ 11100: uvm_test_top.env.agent.mon [MON] Observed: A=94 B=61 GCD=1
UVM_INFO src/uvm/env/gcd_sb.sv(53) @ 13100: uvm_test_top.env.sb [SB] Match: A=64 B=240 GCD=16
UVM_INFO src/uvm/agent/gcd_monitor.sv(51) @ 13100: uvm_test_top.env.agent.mon [MON] Observed: A=64 B=240 GCD=16
UVM_INFO src/uvm/env/gcd_sb.sv(53) @ 15700: uvm_test_top.env.sb [SB] Match: A=216 B=184 GCD=8
UVM_INFO src/uvm/agent/gcd_monitor.sv(51) @ 15700: uvm_test_top.env.agent.mon [MON] Observed: A=216 B=184 GCD=8
UVM_INFO src/uvm/env/gcd_sb.sv(53) @ 18500: uvm_test_top.env.sb [SB] Match: A=37 B=58 GCD=1
UVM_INFO src/uvm/agent/gcd_monitor.sv(51) @ 18500: uvm_test_top.env.agent.mon [MON] Observed: A=37 B=58 GCD=1
UVM_INFO src/uvm/env/gcd_sb.sv(53) @ 21500: uvm_test_top.env.sb [SB] Match: A=39 B=162 GCD=3
UVM_INFO src/uvm/agent/gcd_monitor.sv(51) @ 21500: uvm_test_top.env.agent.mon [MON] Observed: A=39 B=162 GCD=3
UVM_INFO src/uvm/env/gcd_sb.sv(53) @ 26500: uvm_test_top.env.sb [SB] Match: A=222 B=242 GCD=2
UVM_INFO src/uvm/agent/gcd_monitor.sv(51) @ 26500: uvm_test_top.env.agent.mon [MON] Observed: A=222 B=242 GCD=2
UVM_INFO src/uvm/env/gcd_sb.sv(53) @ 29900: uvm_test_top.env.sb [SB] Match: A=75 B=86 GCD=1
UVM_INFO src/uvm/agent/gcd_monitor.sv(51) @ 29900: uvm_test_top.env.agent.mon [MON] Observed: A=75 B=86 GCD=1
UVM_INFO src/uvm/env/gcd_sb.sv(53) @ 34700: uvm_test_top.env.sb [SB] Match: A=109 B=116 GCD=1
UVM_INFO src/uvm/agent/gcd_monitor.sv(51) @ 34700: uvm_test_top.env.agent.mon [MON] Observed: A=109 B=116 GCD=1
UVM_INFO src/uvm/env/gcd_sb.sv(53) @ 37500: uvm_test_top.env.sb [SB] Match: A=67 B=30 GCD=1
UVM_INFO src/uvm/agent/gcd_monitor.sv(51) @ 37500: uvm_test_top.env.agent.mon [MON] Observed: A=67 B=30 GCD=1
UVM_INFO src/uvm/env/gcd_sb.sv(53) @ 42500: uvm_test_top.env.sb [SB] Match: A=207 B=221 GCD=1
UVM_INFO src/uvm/agent/gcd_monitor.sv(51) @ 42500: uvm_test_top.env.agent.mon [MON] Observed: A=207 B=221 GCD=1
UVM_INFO src/uvm/env/gcd_sb.sv(53) @ 46700: uvm_test_top.env.sb [SB] Match: A=17 B=176 GCD=1
UVM_INFO src/uvm/agent/gcd_monitor.sv(51) @ 46700: uvm_test_top.env.agent.mon [MON] Observed: A=17 B=176 GCD=1
UVM_INFO src/uvm/env/gcd_sb.sv(53) @ 49900: uvm_test_top.env.sb [SB] Match: A=7 B=60 GCD=1
UVM_INFO src/uvm/agent/gcd_monitor.sv(51) @ 49900: uvm_test_top.env.agent.mon [MON] Observed: A=7 B=60 GCD=1
UVM_INFO src/uvm/env/gcd_sb.sv(53) @ 62900: uvm_test_top.env.sb [SB] Match: A=179 B=176 GCD=1
UVM_INFO src/uvm/agent/gcd_monitor.sv(51) @ 62900: uvm_test_top.env.agent.mon [MON] Observed: A=179 B=176 GCD=1
UVM_INFO src/uvm/env/gcd_sb.sv(53) @ 65100: uvm_test_top.env.sb [SB] Match: A=20 B=11 GCD=1
UVM_INFO src/uvm/agent/gcd_monitor.sv(51) @ 65100: uvm_test_top.env.agent.mon [MON] Observed: A=20 B=11 GCD=1
UVM_INFO src/uvm/env/gcd_sb.sv(53) @ 67500: uvm_test_top.env.sb [SB] Match: A=42 B=32 GCD=2
UVM_INFO src/uvm/agent/gcd_monitor.sv(51) @ 67500: uvm_test_top.env.agent.mon [MON] Observed: A=42 B=32 GCD=2
UVM_INFO src/uvm/env/gcd_sb.sv(53) @ 72900: uvm_test_top.env.sb [SB] Match: A=245 B=27 GCD=1
UVM_INFO src/uvm/agent/gcd_monitor.sv(51) @ 72900: uvm_test_top.env.agent.mon [MON] Observed: A=245 B=27 GCD=1
UVM_INFO src/uvm/env/gcd_sb.sv(53) @ 76700: uvm_test_top.env.sb [SB] Match: A=117 B=209 GCD=1
UVM_INFO src/uvm/agent/gcd_monitor.sv(51) @ 76700: uvm_test_top.env.agent.mon [MON] Observed: A=117 B=209 GCD=1
UVM_INFO src/uvm/env/gcd_sb.sv(53) @ 81100: uvm_test_top.env.sb [SB] Match: A=171 B=199 GCD=1
UVM_INFO src/uvm/agent/gcd_monitor.sv(51) @ 81100: uvm_test_top.env.agent.mon [MON] Observed: A=171 B=199 GCD=1
UVM_INFO src/uvm/env/gcd_sb.sv(53) @ 82100: uvm_test_top.env.sb [SB] Match: A=150 B=75 GCD=75
UVM_INFO src/uvm/agent/gcd_monitor.sv(51) @ 82100: uvm_test_top.env.agent.mon [MON] Observed: A=150 B=75 GCD=75
UVM_INFO src/uvm/env/gcd_sb.sv(53) @ 86500: uvm_test_top.env.sb [SB] Match: A=54 B=227 GCD=1
UVM_INFO src/uvm/agent/gcd_monitor.sv(51) @ 86500: uvm_test_top.env.agent.mon [MON] Observed: A=54 B=227 GCD=1
UVM_INFO src/uvm/env/gcd_sb.sv(53) @ 91500: uvm_test_top.env.sb [SB] Match: A=139 B=52 GCD=1
UVM_INFO src/uvm/agent/gcd_monitor.sv(51) @ 91500: uvm_test_top.env.agent.mon [MON] Observed: A=139 B=52 GCD=1
UVM_INFO src/uvm/env/gcd_sb.sv(53) @ 100100: uvm_test_top.env.sb [SB] Match: A=150 B=154 GCD=2
UVM_INFO src/uvm/agent/gcd_monitor.sv(51) @ 100100: uvm_test_top.env.agent.mon [MON] Observed: A=150 B=154 GCD=2
UVM_INFO src/uvm/env/gcd_sb.sv(53) @ 104500: uvm_test_top.env.sb [SB] Match: A=85 B=141 GCD=1
UVM_INFO src/uvm/agent/gcd_monitor.sv(51) @ 104500: uvm_test_top.env.agent.mon [MON] Observed: A=85 B=141 GCD=1
UVM_INFO src/uvm/env/gcd_sb.sv(53) @ 109900: uvm_test_top.env.sb [SB] Match: A=202 B=147 GCD=1
UVM_INFO src/uvm/agent/gcd_monitor.sv(51) @ 109900: uvm_test_top.env.agent.mon [MON] Observed: A=202 B=147 GCD=1
UVM_INFO src/uvm/env/gcd_sb.sv(53) @ 113300: uvm_test_top.env.sb [SB] Match: A=244 B=84 GCD=4
UVM_INFO src/uvm/agent/gcd_monitor.sv(51) @ 113300: uvm_test_top.env.agent.mon [MON] Observed: A=244 B=84 GCD=4
UVM_INFO src/uvm/env/gcd_sb.sv(53) @ 116900: uvm_test_top.env.sb [SB] Match: A=211 B=251 GCD=1
UVM_INFO src/uvm/agent/gcd_monitor.sv(51) @ 116900: uvm_test_top.env.agent.mon [MON] Observed: A=211 B=251 GCD=1
UVM_INFO src/uvm/env/gcd_sb.sv(53) @ 120500: uvm_test_top.env.sb [SB] Match: A=104 B=183 GCD=1
UVM_INFO src/uvm/agent/gcd_monitor.sv(51) @ 120500: uvm_test_top.env.agent.mon [MON] Observed: A=104 B=183 GCD=1
UVM_INFO src/uvm/env/gcd_sb.sv(53) @ 124700: uvm_test_top.env.sb [SB] Match: A=177 B=45 GCD=3
UVM_INFO src/uvm/agent/gcd_monitor.sv(51) @ 124700: uvm_test_top.env.agent.mon [MON] Observed: A=177 B=45 GCD=3
UVM_INFO src/uvm/env/gcd_sb.sv(53) @ 130300: uvm_test_top.env.sb [SB] Match: A=176 B=137 GCD=1
UVM_INFO src/uvm/agent/gcd_monitor.sv(51) @ 130300: uvm_test_top.env.agent.mon [MON] Observed: A=176 B=137 GCD=1
UVM_INFO src/uvm/env/gcd_sb.sv(53) @ 131900: uvm_test_top.env.sb [SB] Match: A=100 B=160 GCD=20
UVM_INFO src/uvm/agent/gcd_monitor.sv(51) @ 131900: uvm_test_top.env.agent.mon [MON] Observed: A=100 B=160 GCD=20
UVM_INFO src/uvm/env/gcd_sb.sv(53) @ 146700: uvm_test_top.env.sb [SB] Match: A=205 B=202 GCD=1
UVM_INFO src/uvm/agent/gcd_monitor.sv(51) @ 146700: uvm_test_top.env.agent.mon [MON] Observed: A=205 B=202 GCD=1
UVM_INFO src/uvm/env/gcd_sb.sv(53) @ 150300: uvm_test_top.env.sb [SB] Match: A=236 B=175 GCD=1
UVM_INFO src/uvm/agent/gcd_monitor.sv(51) @ 150300: uvm_test_top.env.agent.mon [MON] Observed: A=236 B=175 GCD=1
UVM_INFO src/uvm/env/gcd_sb.sv(53) @ 153700: uvm_test_top.env.sb [SB] Match: A=191 B=122 GCD=1
UVM_INFO src/uvm/agent/gcd_monitor.sv(51) @ 153700: uvm_test_top.env.agent.mon [MON] Observed: A=191 B=122 GCD=1
UVM_INFO src/uvm/env/gcd_sb.sv(53) @ 155300: uvm_test_top.env.sb [SB] Match: A=72 B=45 GCD=9
UVM_INFO src/uvm/agent/gcd_monitor.sv(51) @ 155300: uvm_test_top.env.agent.mon [MON] Observed: A=72 B=45 GCD=9
UVM_INFO src/uvm/env/gcd_sb.sv(53) @ 160500: uvm_test_top.env.sb [SB] Match: A=134 B=199 GCD=1
UVM_INFO src/uvm/agent/gcd_monitor.sv(51) @ 160500: uvm_test_top.env.agent.mon [MON] Observed: A=134 B=199 GCD=1
UVM_INFO src/uvm/env/gcd_sb.sv(53) @ 164100: uvm_test_top.env.sb [SB] Match: A=121 B=26 GCD=1
UVM_INFO src/uvm/agent/gcd_monitor.sv(51) @ 164100: uvm_test_top.env.agent.mon [MON] Observed: A=121 B=26 GCD=1
UVM_INFO src/uvm/env/gcd_sb.sv(53) @ 166900: uvm_test_top.env.sb [SB] Match: A=34 B=130 GCD=2
UVM_INFO src/uvm/agent/gcd_monitor.sv(51) @ 166900: uvm_test_top.env.agent.mon [MON] Observed: A=34 B=130 GCD=2
UVM_INFO src/uvm/env/gcd_sb.sv(53) @ 170700: uvm_test_top.env.sb [SB] Match: A=127 B=163 GCD=1
UVM_INFO src/uvm/agent/gcd_monitor.sv(51) @ 170700: uvm_test_top.env.agent.mon [MON] Observed: A=127 B=163 GCD=1
UVM_INFO src/uvm/env/gcd_sb.sv(53) @ 173700: uvm_test_top.env.sb [SB] Match: A=146 B=172 GCD=2
UVM_INFO src/uvm/agent/gcd_monitor.sv(51) @ 173700: uvm_test_top.env.agent.mon [MON] Observed: A=146 B=172 GCD=2
UVM_INFO src/uvm/env/gcd_sb.sv(53) @ 175900: uvm_test_top.env.sb [SB] Match: A=90 B=155 GCD=5
UVM_INFO src/uvm/agent/gcd_monitor.sv(51) @ 175900: uvm_test_top.env.agent.mon [MON] Observed: A=90 B=155 GCD=5
UVM_INFO src/uvm/env/gcd_sb.sv(53) @ 179700: uvm_test_top.env.sb [SB] Match: A=215 B=69 GCD=1
UVM_INFO src/uvm/agent/gcd_monitor.sv(51) @ 179700: uvm_test_top.env.agent.mon [MON] Observed: A=215 B=69 GCD=1
UVM_INFO src/uvm/env/gcd_sb.sv(53) @ 181500: uvm_test_top.env.sb [SB] Match: A=10 B=3 GCD=1
UVM_INFO src/uvm/agent/gcd_monitor.sv(51) @ 181500: uvm_test_top.env.agent.mon [MON] Observed: A=10 B=3 GCD=1
UVM_INFO src/uvm/env/gcd_sb.sv(53) @ 190900: uvm_test_top.env.sb [SB] Match: A=241 B=122 GCD=1
UVM_INFO src/uvm/agent/gcd_monitor.sv(51) @ 190900: uvm_test_top.env.agent.mon [MON] Observed: A=241 B=122 GCD=1
UVM_INFO src/uvm/env/gcd_sb.sv(53) @ 194700: uvm_test_top.env.sb [SB] Match: A=142 B=217 GCD=1
UVM_INFO src/uvm/agent/gcd_monitor.sv(51) @ 194700: uvm_test_top.env.agent.mon [MON] Observed: A=142 B=217 GCD=1
UVM_INFO src/uvm/env/gcd_sb.sv(53) @ 198500: uvm_test_top.env.sb [SB] Match: A=224 B=30 GCD=2
UVM_INFO src/uvm/agent/gcd_monitor.sv(51) @ 198500: uvm_test_top.env.agent.mon [MON] Observed: A=224 B=30 GCD=2
UVM_INFO src/uvm/env/gcd_sb.sv(53) @ 202500: uvm_test_top.env.sb [SB] Match: A=231 B=74 GCD=1
UVM_INFO src/uvm/agent/gcd_monitor.sv(51) @ 202500: uvm_test_top.env.agent.mon [MON] Observed: A=231 B=74 GCD=1
UVM_INFO src/uvm/env/gcd_sb.sv(53) @ 207500: uvm_test_top.env.sb [SB] Match: A=163 B=49 GCD=1
UVM_INFO src/uvm/agent/gcd_monitor.sv(51) @ 207500: uvm_test_top.env.agent.mon [MON] Observed: A=163 B=49 GCD=1
UVM_INFO src/uvm/env/gcd_sb.sv(53) @ 212700: uvm_test_top.env.sb [SB] Match: A=21 B=43 GCD=1
UVM_INFO src/uvm/agent/gcd_monitor.sv(51) @ 212700: uvm_test_top.env.agent.mon [MON] Observed: A=21 B=43 GCD=1
UVM_INFO src/uvm/env/gcd_sb.sv(53) @ 215300: uvm_test_top.env.sb [SB] Match: A=60 B=224 GCD=4
UVM_INFO src/uvm/agent/gcd_monitor.sv(51) @ 215300: uvm_test_top.env.agent.mon [MON] Observed: A=60 B=224 GCD=4
UVM_INFO src/uvm/env/gcd_sb.sv(53) @ 218100: uvm_test_top.env.sb [SB] Match: A=23 B=78 GCD=1
UVM_INFO src/uvm/agent/gcd_monitor.sv(51) @ 218100: uvm_test_top.env.agent.mon [MON] Observed: A=23 B=78 GCD=1
UVM_INFO src/uvm/env/gcd_sb.sv(53) @ 236100: uvm_test_top.env.sb [SB] Match: A=169 B=254 GCD=1
UVM_INFO src/uvm/agent/gcd_monitor.sv(51) @ 236100: uvm_test_top.env.agent.mon [MON] Observed: A=169 B=254 GCD=1
UVM_INFO src/uvm/env/gcd_sb.sv(53) @ 240100: uvm_test_top.env.sb [SB] Match: A=239 B=58 GCD=1
UVM_INFO src/uvm/agent/gcd_monitor.sv(51) @ 240100: uvm_test_top.env.agent.mon [MON] Observed: A=239 B=58 GCD=1
UVM_INFO src/uvm/env/gcd_sb.sv(53) @ 246100: uvm_test_top.env.sb [SB] Match: A=234 B=94 GCD=2
UVM_INFO src/uvm/agent/gcd_monitor.sv(51) @ 246100: uvm_test_top.env.agent.mon [MON] Observed: A=234 B=94 GCD=2
UVM_INFO src/uvm/env/gcd_sb.sv(53) @ 252900: uvm_test_top.env.sb [SB] Match: A=155 B=149 GCD=1
UVM_INFO src/uvm/agent/gcd_monitor.sv(51) @ 252900: uvm_test_top.env.agent.mon [MON] Observed: A=155 B=149 GCD=1
UVM_INFO src/uvm/env/gcd_sb.sv(53) @ 280500: uvm_test_top.env.sb [SB] Match: A=1 B=135 GCD=1
UVM_INFO src/uvm/agent/gcd_monitor.sv(51) @ 280500: uvm_test_top.env.agent.mon [MON] Observed: A=1 B=135 GCD=1
UVM_INFO src/uvm/env/gcd_sb.sv(53) @ 282700: uvm_test_top.env.sb [SB] Match: A=28 B=50 GCD=2
UVM_INFO src/uvm/agent/gcd_monitor.sv(51) @ 282700: uvm_test_top.env.agent.mon [MON] Observed: A=28 B=50 GCD=2
UVM_INFO src/uvm/env/gcd_sb.sv(53) @ 286500: uvm_test_top.env.sb [SB] Match: A=237 B=31 GCD=1
UVM_INFO src/uvm/agent/gcd_monitor.sv(51) @ 286500: uvm_test_top.env.agent.mon [MON] Observed: A=237 B=31 GCD=1
UVM_INFO src/uvm/env/gcd_sb.sv(53) @ 287900: uvm_test_top.env.sb [SB] Match: A=114 B=152 GCD=38
UVM_INFO src/uvm/agent/gcd_monitor.sv(51) @ 287900: uvm_test_top.env.agent.mon [MON] Observed: A=114 B=152 GCD=38
UVM_INFO src/uvm/env/gcd_sb.sv(53) @ 291500: uvm_test_top.env.sb [SB] Match: A=173 B=248 GCD=1
UVM_INFO src/uvm/agent/gcd_monitor.sv(51) @ 291500: uvm_test_top.env.agent.mon [MON] Observed: A=173 B=248 GCD=1
UVM_INFO src/uvm/env/gcd_sb.sv(53) @ 294700: uvm_test_top.env.sb [SB] Match: A=157 B=109 GCD=1
UVM_INFO src/uvm/agent/gcd_monitor.sv(51) @ 294700: uvm_test_top.env.agent.mon [MON] Observed: A=157 B=109 GCD=1
UVM_INFO src/uvm/env/gcd_sb.sv(53) @ 298100: uvm_test_top.env.sb [SB] Match: A=66 B=155 GCD=1
UVM_INFO src/uvm/agent/gcd_monitor.sv(51) @ 298100: uvm_test_top.env.agent.mon [MON] Observed: A=66 B=155 GCD=1
UVM_INFO src/uvm/env/gcd_sb.sv(53) @ 300300: uvm_test_top.env.sb [SB] Match: A=156 B=132 GCD=12
UVM_INFO src/uvm/agent/gcd_monitor.sv(51) @ 300300: uvm_test_top.env.agent.mon [MON] Observed: A=156 B=132 GCD=12
UVM_INFO src/uvm/env/gcd_sb.sv(53) @ 303700: uvm_test_top.env.sb [SB] Match: A=172 B=128 GCD=4
UVM_INFO src/uvm/agent/gcd_monitor.sv(51) @ 303700: uvm_test_top.env.agent.mon [MON] Observed: A=172 B=128 GCD=4
UVM_INFO src/uvm/env/gcd_sb.sv(53) @ 307700: uvm_test_top.env.sb [SB] Match: A=112 B=54 GCD=2
UVM_INFO src/uvm/agent/gcd_monitor.sv(51) @ 307700: uvm_test_top.env.agent.mon [MON] Observed: A=112 B=54 GCD=2
UVM_INFO src/uvm/env/gcd_sb.sv(53) @ 311500: uvm_test_top.env.sb [SB] Match: A=234 B=212 GCD=2
UVM_INFO src/uvm/agent/gcd_monitor.sv(51) @ 311500: uvm_test_top.env.agent.mon [MON] Observed: A=234 B=212 GCD=2
UVM_INFO src/uvm/env/gcd_sb.sv(53) @ 315500: uvm_test_top.env.sb [SB] Match: A=25 B=88 GCD=1
UVM_INFO src/uvm/agent/gcd_monitor.sv(51) @ 315500: uvm_test_top.env.agent.mon [MON] Observed: A=25 B=88 GCD=1
UVM_INFO src/uvm/env/gcd_sb.sv(53) @ 319100: uvm_test_top.env.sb [SB] Match: A=253 B=195 GCD=1
UVM_INFO src/uvm/agent/gcd_monitor.sv(51) @ 319100: uvm_test_top.env.agent.mon [MON] Observed: A=253 B=195 GCD=1
UVM_INFO src/uvm/env/gcd_sb.sv(53) @ 322900: uvm_test_top.env.sb [SB] Match: A=151 B=22 GCD=1
UVM_INFO src/uvm/agent/gcd_monitor.sv(51) @ 322900: uvm_test_top.env.agent.mon [MON] Observed: A=151 B=22 GCD=1
UVM_INFO src/uvm/env/gcd_sb.sv(53) @ 327100: uvm_test_top.env.sb [SB] Match: A=230 B=79 GCD=1
UVM_INFO src/uvm/agent/gcd_monitor.sv(51) @ 327100: uvm_test_top.env.agent.mon [MON] Observed: A=230 B=79 GCD=1
UVM_INFO src/uvm/env/gcd_sb.sv(53) @ 331300: uvm_test_top.env.sb [SB] Match: A=233 B=22 GCD=1
UVM_INFO src/uvm/agent/gcd_monitor.sv(51) @ 331300: uvm_test_top.env.agent.mon [MON] Observed: A=233 B=22 GCD=1
UVM_INFO src/uvm/env/gcd_sb.sv(53) @ 335100: uvm_test_top.env.sb [SB] Match: A=162 B=240 GCD=6
UVM_INFO src/uvm/agent/gcd_monitor.sv(51) @ 335100: uvm_test_top.env.agent.mon [MON] Observed: A=162 B=240 GCD=6
UVM_INFO src/uvm/env/gcd_sb.sv(53) @ 341700: uvm_test_top.env.sb [SB] Match: A=17 B=222 GCD=1
UVM_INFO src/uvm/agent/gcd_monitor.sv(51) @ 341700: uvm_test_top.env.agent.mon [MON] Observed: A=17 B=222 GCD=1
UVM_INFO src/uvm/env/gcd_sb.sv(53) @ 344100: uvm_test_top.env.sb [SB] Match: A=52 B=90 GCD=2
UVM_INFO src/uvm/agent/gcd_monitor.sv(51) @ 344100: uvm_test_top.env.agent.mon [MON] Observed: A=52 B=90 GCD=2
UVM_INFO src/uvm/env/gcd_sb.sv(53) @ 350700: uvm_test_top.env.sb [SB] Match: A=13 B=233 GCD=1
UVM_INFO src/uvm/agent/gcd_monitor.sv(51) @ 350700: uvm_test_top.env.agent.mon [MON] Observed: A=13 B=233 GCD=1
UVM_INFO src/uvm/env/gcd_sb.sv(53) @ 354100: uvm_test_top.env.sb [SB] Match: A=155 B=96 GCD=1
UVM_INFO src/uvm/agent/gcd_monitor.sv(51) @ 354100: uvm_test_top.env.agent.mon [MON] Observed: A=155 B=96 GCD=1
UVM_INFO src/uvm/env/gcd_sb.sv(53) @ 356700: uvm_test_top.env.sb [SB] Match: A=222 B=144 GCD=6
UVM_INFO src/uvm/agent/gcd_monitor.sv(51) @ 356700: uvm_test_top.env.agent.mon [MON] Observed: A=222 B=144 GCD=6
UVM_INFO src/uvm/env/gcd_sb.sv(53) @ 360300: uvm_test_top.env.sb [SB] Match: A=214 B=167 GCD=1
UVM_INFO src/uvm/agent/gcd_monitor.sv(51) @ 360300: uvm_test_top.env.agent.mon [MON] Observed: A=214 B=167 GCD=1
UVM_INFO src/uvm/env/gcd_sb.sv(53) @ 365300: uvm_test_top.env.sb [SB] Match: A=131 B=120 GCD=1
UVM_INFO src/uvm/agent/gcd_monitor.sv(51) @ 365300: uvm_test_top.env.agent.mon [MON] Observed: A=131 B=120 GCD=1
UVM_INFO src/uvm/env/gcd_sb.sv(53) @ 368500: uvm_test_top.env.sb [SB] Match: A=230 B=94 GCD=2
UVM_INFO src/uvm/agent/gcd_monitor.sv(51) @ 368500: uvm_test_top.env.agent.mon [MON] Observed: A=230 B=94 GCD=2
UVM_INFO src/uvm/env/gcd_sb.sv(53) @ 374500: uvm_test_top.env.sb [SB] Match: A=254 B=42 GCD=2
UVM_INFO src/uvm/agent/gcd_monitor.sv(51) @ 374500: uvm_test_top.env.agent.mon [MON] Observed: A=254 B=42 GCD=2
UVM_INFO src/uvm/env/gcd_sb.sv(53) @ 379500: uvm_test_top.env.sb [SB] Match: A=203 B=176 GCD=1
UVM_INFO src/uvm/agent/gcd_monitor.sv(51) @ 379500: uvm_test_top.env.agent.mon [MON] Observed: A=203 B=176 GCD=1
UVM_INFO src/uvm/env/gcd_sb.sv(53) @ 382300: uvm_test_top.env.sb [SB] Match: A=77 B=30 GCD=1
UVM_INFO src/uvm/agent/gcd_monitor.sv(51) @ 382300: uvm_test_top.env.agent.mon [MON] Observed: A=77 B=30 GCD=1
UVM_INFO src/uvm/env/gcd_sb.sv(53) @ 384300: uvm_test_top.env.sb [SB] Match: A=133 B=114 GCD=19
UVM_INFO src/uvm/agent/gcd_monitor.sv(51) @ 384300: uvm_test_top.env.agent.mon [MON] Observed: A=133 B=114 GCD=19
UVM_INFO src/uvm/env/gcd_sb.sv(53) @ 388300: uvm_test_top.env.sb [SB] Match: A=113 B=128 GCD=1
UVM_INFO src/uvm/agent/gcd_monitor.sv(51) @ 388300: uvm_test_top.env.agent.mon [MON] Observed: A=113 B=128 GCD=1
UVM_INFO src/uvm/env/gcd_sb.sv(53) @ 392700: uvm_test_top.env.sb [SB] Match: A=19 B=162 GCD=1
UVM_INFO src/uvm/agent/gcd_monitor.sv(51) @ 392700: uvm_test_top.env.agent.mon [MON] Observed: A=19 B=162 GCD=1
UVM_INFO src/uvm/env/gcd_sb.sv(53) @ 398700: uvm_test_top.env.sb [SB] Match: A=106 B=127 GCD=1
UVM_INFO src/uvm/agent/gcd_monitor.sv(51) @ 398700: uvm_test_top.env.agent.mon [MON] Observed: A=106 B=127 GCD=1
UVM_INFO src/uvm/env/gcd_sb.sv(53) @ 401300: uvm_test_top.env.sb [SB] Match: A=118 B=66 GCD=2
UVM_INFO src/uvm/agent/gcd_monitor.sv(51) @ 401300: uvm_test_top.env.agent.mon [MON] Observed: A=118 B=66 GCD=2
UVM_INFO src/uvm/env/gcd_sb.sv(53) @ 404300: uvm_test_top.env.sb [SB] Match: A=56 B=25 GCD=1
UVM_INFO src/uvm/agent/gcd_monitor.sv(51) @ 404300: uvm_test_top.env.agent.mon [MON] Observed: A=56 B=25 GCD=1
UVM_INFO src/uvm/env/gcd_sb.sv(53) @ 407500: uvm_test_top.env.sb [SB] Match: A=174 B=125 GCD=1
UVM_INFO src/uvm/agent/gcd_monitor.sv(51) @ 407500: uvm_test_top.env.agent.mon [MON] Observed: A=174 B=125 GCD=1
UVM_INFO src/uvm/env/gcd_sb.sv(53) @ 411100: uvm_test_top.env.sb [SB] Match: A=218 B=246 GCD=2
UVM_INFO src/uvm/agent/gcd_monitor.sv(51) @ 411100: uvm_test_top.env.agent.mon [MON] Observed: A=218 B=246 GCD=2
UVM_INFO src/uvm/env/gcd_sb.sv(53) @ 415700: uvm_test_top.env.sb [SB] Match: A=187 B=40 GCD=1
UVM_INFO src/uvm/agent/gcd_monitor.sv(51) @ 415700: uvm_test_top.env.agent.mon [MON] Observed: A=187 B=40 GCD=1
UVM_INFO src/uvm/env/gcd_sb.sv(53) @ 418900: uvm_test_top.env.sb [SB] Match: A=81 B=110 GCD=1
UVM_INFO src/uvm/agent/gcd_monitor.sv(51) @ 418900: uvm_test_top.env.agent.mon [MON] Observed: A=81 B=110 GCD=1
UVM_INFO src/uvm/env/gcd_sb.sv(53) @ 421900: uvm_test_top.env.sb [SB] Match: A=157 B=111 GCD=1
UVM_INFO src/uvm/agent/gcd_monitor.sv(51) @ 421900: uvm_test_top.env.agent.mon [MON] Observed: A=157 B=111 GCD=1
UVM_INFO src/uvm/env/gcd_sb.sv(53) @ 425100: uvm_test_top.env.sb [SB] Match: A=157 B=86 GCD=1
UVM_INFO src/uvm/agent/gcd_monitor.sv(51) @ 425100: uvm_test_top.env.agent.mon [MON] Observed: A=157 B=86 GCD=1
UVM_INFO src/uvm/env/gcd_sb.sv(53) @ 434700: uvm_test_top.env.sb [SB] Match: A=83 B=247 GCD=1
UVM_INFO src/uvm/agent/gcd_monitor.sv(51) @ 434700: uvm_test_top.env.agent.mon [MON] Observed: A=83 B=247 GCD=1
UVM_INFO src/uvm/env/gcd_sb.sv(53) @ 438500: uvm_test_top.env.sb [SB] Match: A=190 B=172 GCD=2
UVM_INFO src/uvm/agent/gcd_monitor.sv(51) @ 438500: uvm_test_top.env.agent.mon [MON] Observed: A=190 B=172 GCD=2
UVM_INFO src/uvm/env/gcd_sb.sv(53) @ 441900: uvm_test_top.env.sb [SB] Match: A=222 B=27 GCD=3
UVM_INFO src/uvm/agent/gcd_monitor.sv(51) @ 441900: uvm_test_top.env.agent.mon [MON] Observed: A=222 B=27 GCD=3
UVM_INFO src/uvm/env/gcd_sb.sv(53) @ 445100: uvm_test_top.env.sb [SB] Match: A=180 B=159 GCD=3
UVM_INFO src/uvm/agent/gcd_monitor.sv(51) @ 445100: uvm_test_top.env.agent.mon [MON] Observed: A=180 B=159 GCD=3
UVM_INFO src/uvm/env/gcd_sb.sv(53) @ 448300: uvm_test_top.env.sb [SB] Match: A=62 B=175 GCD=1
UVM_INFO src/uvm/agent/gcd_monitor.sv(51) @ 448300: uvm_test_top.env.agent.mon [MON] Observed: A=62 B=175 GCD=1
UVM_INFO src/uvm/env/gcd_sb.sv(53) @ 452900: uvm_test_top.env.sb [SB] Match: A=126 B=211 GCD=1
UVM_INFO src/uvm/agent/gcd_monitor.sv(51) @ 452900: uvm_test_top.env.agent.mon [MON] Observed: A=126 B=211 GCD=1
UVM_INFO src/uvm/env/gcd_sb.sv(53) @ 457500: uvm_test_top.env.sb [SB] Match: A=115 B=222 GCD=1
UVM_INFO src/uvm/agent/gcd_monitor.sv(51) @ 457500: uvm_test_top.env.agent.mon [MON] Observed: A=115 B=222 GCD=1
UVM_INFO src/uvm/env/gcd_sb.sv(53) @ 460700: uvm_test_top.env.sb [SB] Match: A=29 B=163 GCD=1
UVM_INFO src/uvm/agent/gcd_monitor.sv(51) @ 460700: uvm_test_top.env.agent.mon [MON] Observed: A=29 B=163 GCD=1
UVM_INFO src/uvm/env/gcd_sb.sv(53) @ 464700: uvm_test_top.env.sb [SB] Match: A=124 B=79 GCD=1
UVM_INFO src/uvm/agent/gcd_monitor.sv(51) @ 464700: uvm_test_top.env.agent.mon [MON] Observed: A=124 B=79 GCD=1
UVM_INFO src/uvm/env/gcd_sb.sv(53) @ 470300: uvm_test_top.env.sb [SB] Match: A=145 B=16 GCD=1
UVM_INFO src/uvm/agent/gcd_monitor.sv(51) @ 470300: uvm_test_top.env.agent.mon [MON] Observed: A=145 B=16 GCD=1
UVM_INFO src/uvm/env/gcd_sb.sv(53) @ 474900: uvm_test_top.env.sb [SB] Match: A=91 B=138 GCD=1
UVM_INFO src/uvm/agent/gcd_monitor.sv(51) @ 474900: uvm_test_top.env.agent.mon [MON] Observed: A=91 B=138 GCD=1
UVM_INFO src/uvm/env/gcd_sb.sv(53) @ 479700: uvm_test_top.env.sb [SB] Match: A=218 B=235 GCD=1
UVM_INFO src/uvm/agent/gcd_monitor.sv(51) @ 479700: uvm_test_top.env.agent.mon [MON] Observed: A=218 B=235 GCD=1
UVM_INFO src/uvm/env/gcd_sb.sv(53) @ 481300: uvm_test_top.env.sb [SB] Match: A=14 B=6 GCD=2
UVM_INFO src/uvm/agent/gcd_monitor.sv(51) @ 481300: uvm_test_top.env.agent.mon [MON] Observed: A=14 B=6 GCD=2
UVM_INFO src/uvm/env/gcd_sb.sv(53) @ 489500: uvm_test_top.env.sb [SB] Match: A=247 B=8 GCD=1
UVM_INFO src/uvm/agent/gcd_monitor.sv(51) @ 489500: uvm_test_top.env.agent.mon [MON] Observed: A=247 B=8 GCD=1
UVM_INFO src/uvm/env/gcd_sb.sv(53) @ 493100: uvm_test_top.env.sb [SB] Match: A=150 B=31 GCD=1
UVM_INFO src/uvm/agent/gcd_monitor.sv(51) @ 493100: uvm_test_top.env.agent.mon [MON] Observed: A=150 B=31 GCD=1
UVM_INFO src/uvm/env/gcd_sb.sv(53) @ 502500: uvm_test_top.env.sb [SB] Match: A=233 B=194 GCD=1
UVM_INFO src/uvm/agent/gcd_monitor.sv(51) @ 502500: uvm_test_top.env.agent.mon [MON] Observed: A=233 B=194 GCD=1
UVM_INFO src/uvm/env/gcd_sb.sv(53) @ 503500: uvm_test_top.env.sb [SB] Match: A=242 B=121 GCD=121
UVM_INFO src/uvm/agent/gcd_monitor.sv(51) @ 503500: uvm_test_top.env.agent.mon [MON] Observed: A=242 B=121 GCD=121
UVM_INFO src/uvm/env/gcd_sb.sv(53) @ 510700: uvm_test_top.env.sb [SB] Match: A=176 B=234 GCD=2
UVM_INFO src/uvm/agent/gcd_monitor.sv(51) @ 510700: uvm_test_top.env.agent.mon [MON] Observed: A=176 B=234 GCD=2
UVM_INFO src/uvm/env/gcd_sb.sv(53) @ 514300: uvm_test_top.env.sb [SB] Match: A=36 B=111 GCD=3
UVM_INFO src/uvm/agent/gcd_monitor.sv(51) @ 514300: uvm_test_top.env.agent.mon [MON] Observed: A=36 B=111 GCD=3
UVM_INFO src/uvm/env/gcd_sb.sv(53) @ 517300: uvm_test_top.env.sb [SB] Match: A=76 B=174 GCD=2
UVM_INFO src/uvm/agent/gcd_monitor.sv(51) @ 517300: uvm_test_top.env.agent.mon [MON] Observed: A=76 B=174 GCD=2
UVM_INFO src/uvm/env/gcd_sb.sv(53) @ 523100: uvm_test_top.env.sb [SB] Match: A=42 B=212 GCD=2
UVM_INFO src/uvm/agent/gcd_monitor.sv(51) @ 523100: uvm_test_top.env.agent.mon [MON] Observed: A=42 B=212 GCD=2
UVM_INFO src/uvm/env/gcd_sb.sv(53) @ 525700: uvm_test_top.env.sb [SB] Match: A=189 B=225 GCD=9
UVM_INFO src/uvm/agent/gcd_monitor.sv(51) @ 525700: uvm_test_top.env.agent.mon [MON] Observed: A=189 B=225 GCD=9
UVM_INFO src/uvm/env/gcd_sb.sv(53) @ 535500: uvm_test_top.env.sb [SB] Match: A=5 B=213 GCD=1
UVM_INFO src/uvm/agent/gcd_monitor.sv(51) @ 535500: uvm_test_top.env.agent.mon [MON] Observed: A=5 B=213 GCD=1
UVM_INFO src/uvm/env/gcd_sb.sv(53) @ 549500: uvm_test_top.env.sb [SB] Match: A=2 B=131 GCD=1
UVM_INFO src/uvm/agent/gcd_monitor.sv(51) @ 549500: uvm_test_top.env.agent.mon [MON] Observed: A=2 B=131 GCD=1
UVM_INFO src/uvm/env/gcd_sb.sv(53) @ 552500: uvm_test_top.env.sb [SB] Match: A=181 B=70 GCD=1
UVM_INFO src/uvm/agent/gcd_monitor.sv(51) @ 552500: uvm_test_top.env.agent.mon [MON] Observed: A=181 B=70 GCD=1
UVM_INFO src/uvm/env/gcd_sb.sv(53) @ 556500: uvm_test_top.env.sb [SB] Match: A=28 B=149 GCD=1
UVM_INFO src/uvm/agent/gcd_monitor.sv(51) @ 556500: uvm_test_top.env.agent.mon [MON] Observed: A=28 B=149 GCD=1
UVM_INFO src/uvm/env/gcd_sb.sv(53) @ 560100: uvm_test_top.env.sb [SB] Match: A=57 B=248 GCD=1
UVM_INFO src/uvm/agent/gcd_monitor.sv(51) @ 560100: uvm_test_top.env.agent.mon [MON] Observed: A=57 B=248 GCD=1
UVM_INFO src/uvm/env/gcd_sb.sv(53) @ 561900: uvm_test_top.env.sb [SB] Match: A=11 B=66 GCD=11
UVM_INFO src/uvm/agent/gcd_monitor.sv(51) @ 561900: uvm_test_top.env.agent.mon [MON] Observed: A=11 B=66 GCD=11
UVM_INFO src/uvm/env/gcd_sb.sv(53) @ 565300: uvm_test_top.env.sb [SB] Match: A=147 B=115 GCD=1
UVM_INFO src/uvm/agent/gcd_monitor.sv(51) @ 565300: uvm_test_top.env.agent.mon [MON] Observed: A=147 B=115 GCD=1
UVM_INFO src/uvm/env/gcd_sb.sv(53) @ 570900: uvm_test_top.env.sb [SB] Match: A=207 B=94 GCD=1
UVM_INFO src/uvm/agent/gcd_monitor.sv(51) @ 570900: uvm_test_top.env.agent.mon [MON] Observed: A=207 B=94 GCD=1
UVM_INFO src/uvm/env/gcd_sb.sv(53) @ 575500: uvm_test_top.env.sb [SB] Match: A=193 B=93 GCD=1
UVM_INFO src/uvm/agent/gcd_monitor.sv(51) @ 575500: uvm_test_top.env.agent.mon [MON] Observed: A=193 B=93 GCD=1
UVM_INFO src/uvm/env/gcd_sb.sv(53) @ 578100: uvm_test_top.env.sb [SB] Match: A=104 B=22 GCD=2
UVM_INFO src/uvm/agent/gcd_monitor.sv(51) @ 578100: uvm_test_top.env.agent.mon [MON] Observed: A=104 B=22 GCD=2
UVM_INFO src/uvm/env/gcd_sb.sv(53) @ 581500: uvm_test_top.env.sb [SB] Match: A=196 B=182 GCD=14
UVM_INFO src/uvm/agent/gcd_monitor.sv(51) @ 581500: uvm_test_top.env.agent.mon [MON] Observed: A=196 B=182 GCD=14
UVM_INFO src/uvm/env/gcd_sb.sv(53) @ 586300: uvm_test_top.env.sb [SB] Match: A=213 B=16 GCD=1
UVM_INFO src/uvm/agent/gcd_monitor.sv(51) @ 586300: uvm_test_top.env.agent.mon [MON] Observed: A=213 B=16 GCD=1
UVM_INFO src/uvm/env/gcd_sb.sv(53) @ 588900: uvm_test_top.env.sb [SB] Match: A=156 B=126 GCD=6
UVM_INFO src/uvm/agent/gcd_monitor.sv(51) @ 588900: uvm_test_top.env.agent.mon [MON] Observed: A=156 B=126 GCD=6
UVM_INFO src/uvm/env/gcd_sb.sv(53) @ 592500: uvm_test_top.env.sb [SB] Match: A=23 B=166 GCD=1
UVM_INFO src/uvm/agent/gcd_monitor.sv(51) @ 592500: uvm_test_top.env.agent.mon [MON] Observed: A=23 B=166 GCD=1
UVM_INFO src/uvm/env/gcd_sb.sv(53) @ 597700: uvm_test_top.env.sb [SB] Match: A=72 B=181 GCD=1
UVM_INFO src/uvm/agent/gcd_monitor.sv(51) @ 597700: uvm_test_top.env.agent.mon [MON] Observed: A=72 B=181 GCD=1
UVM_INFO src/uvm/env/gcd_sb.sv(53) @ 601100: uvm_test_top.env.sb [SB] Match: A=46 B=171 GCD=1
UVM_INFO src/uvm/agent/gcd_monitor.sv(51) @ 601100: uvm_test_top.env.agent.mon [MON] Observed: A=46 B=171 GCD=1
UVM_INFO src/uvm/env/gcd_sb.sv(53) @ 604500: uvm_test_top.env.sb [SB] Match: A=201 B=91 GCD=1
UVM_INFO src/uvm/agent/gcd_monitor.sv(51) @ 604500: uvm_test_top.env.agent.mon [MON] Observed: A=201 B=91 GCD=1
UVM_INFO src/uvm/env/gcd_sb.sv(53) @ 608100: uvm_test_top.env.sb [SB] Match: A=26 B=76 GCD=2
UVM_INFO src/uvm/agent/gcd_monitor.sv(51) @ 608100: uvm_test_top.env.agent.mon [MON] Observed: A=26 B=76 GCD=2
UVM_INFO src/uvm/env/gcd_sb.sv(53) @ 611500: uvm_test_top.env.sb [SB] Match: A=32 B=202 GCD=2
UVM_INFO src/uvm/agent/gcd_monitor.sv(51) @ 611500: uvm_test_top.env.agent.mon [MON] Observed: A=32 B=202 GCD=2
UVM_INFO src/uvm/env/gcd_sb.sv(53) @ 614900: uvm_test_top.env.sb [SB] Match: A=218 B=47 GCD=1
UVM_INFO src/uvm/agent/gcd_monitor.sv(51) @ 614900: uvm_test_top.env.agent.mon [MON] Observed: A=218 B=47 GCD=1
UVM_INFO src/uvm/env/gcd_sb.sv(53) @ 621100: uvm_test_top.env.sb [SB] Match: A=74 B=123 GCD=1
UVM_INFO src/uvm/agent/gcd_monitor.sv(51) @ 621100: uvm_test_top.env.agent.mon [MON] Observed: A=74 B=123 GCD=1
UVM_INFO src/uvm/env/gcd_sb.sv(53) @ 624300: uvm_test_top.env.sb [SB] Match: A=112 B=174 GCD=2
UVM_INFO src/uvm/agent/gcd_monitor.sv(51) @ 624300: uvm_test_top.env.agent.mon [MON] Observed: A=112 B=174 GCD=2
UVM_INFO src/uvm/env/gcd_sb.sv(53) @ 628300: uvm_test_top.env.sb [SB] Match: A=74 B=155 GCD=1
UVM_INFO src/uvm/agent/gcd_monitor.sv(51) @ 628300: uvm_test_top.env.agent.mon [MON] Observed: A=74 B=155 GCD=1
UVM_INFO src/uvm/env/gcd_sb.sv(53) @ 632900: uvm_test_top.env.sb [SB] Match: A=218 B=156 GCD=2
UVM_INFO src/uvm/agent/gcd_monitor.sv(51) @ 632900: uvm_test_top.env.agent.mon [MON] Observed: A=218 B=156 GCD=2
UVM_INFO src/uvm/env/gcd_sb.sv(53) @ 636500: uvm_test_top.env.sb [SB] Match: A=31 B=132 GCD=1
UVM_INFO src/uvm/agent/gcd_monitor.sv(51) @ 636500: uvm_test_top.env.agent.mon [MON] Observed: A=31 B=132 GCD=1
UVM_INFO src/uvm/env/gcd_sb.sv(53) @ 640100: uvm_test_top.env.sb [SB] Match: A=25 B=38 GCD=1
UVM_INFO src/uvm/agent/gcd_monitor.sv(51) @ 640100: uvm_test_top.env.agent.mon [MON] Observed: A=25 B=38 GCD=1
UVM_INFO src/uvm/env/gcd_sb.sv(53) @ 642500: uvm_test_top.env.sb [SB] Match: A=200 B=130 GCD=10
UVM_INFO src/uvm/agent/gcd_monitor.sv(51) @ 642500: uvm_test_top.env.agent.mon [MON] Observed: A=200 B=130 GCD=10
UVM_INFO src/uvm/env/gcd_sb.sv(53) @ 644500: uvm_test_top.env.sb [SB] Match: A=44 B=242 GCD=22
UVM_INFO src/uvm/agent/gcd_monitor.sv(51) @ 644500: uvm_test_top.env.agent.mon [MON] Observed: A=44 B=242 GCD=22
UVM_INFO src/uvm/env/gcd_sb.sv(53) @ 650500: uvm_test_top.env.sb [SB] Match: A=70 B=73 GCD=1
UVM_INFO src/uvm/agent/gcd_monitor.sv(51) @ 650500: uvm_test_top.env.agent.mon [MON] Observed: A=70 B=73 GCD=1
UVM_INFO src/uvm/env/gcd_sb.sv(53) @ 652900: uvm_test_top.env.sb [SB] Match: A=21 B=90 GCD=3
UVM_INFO src/uvm/agent/gcd_monitor.sv(51) @ 652900: uvm_test_top.env.agent.mon [MON] Observed: A=21 B=90 GCD=3
UVM_INFO src/uvm/env/gcd_sb.sv(53) @ 656500: uvm_test_top.env.sb [SB] Match: A=153 B=82 GCD=1
UVM_INFO src/uvm/agent/gcd_monitor.sv(51) @ 656500: uvm_test_top.env.agent.mon [MON] Observed: A=153 B=82 GCD=1
UVM_INFO src/uvm/env/gcd_sb.sv(53) @ 658900: uvm_test_top.env.sb [SB] Match: A=210 B=49 GCD=7
UVM_INFO src/uvm/agent/gcd_monitor.sv(51) @ 658900: uvm_test_top.env.agent.mon [MON] Observed: A=210 B=49 GCD=7
UVM_INFO src/uvm/env/gcd_sb.sv(53) @ 666100: uvm_test_top.env.sb [SB] Match: A=192 B=247 GCD=1
UVM_INFO src/uvm/agent/gcd_monitor.sv(51) @ 666100: uvm_test_top.env.agent.mon [MON] Observed: A=192 B=247 GCD=1
UVM_INFO src/uvm/env/gcd_sb.sv(53) @ 668500: uvm_test_top.env.sb [SB] Match: A=100 B=164 GCD=4
UVM_INFO src/uvm/agent/gcd_monitor.sv(51) @ 668500: uvm_test_top.env.agent.mon [MON] Observed: A=100 B=164 GCD=4
UVM_INFO src/uvm/env/gcd_sb.sv(53) @ 673900: uvm_test_top.env.sb [SB] Match: A=189 B=11 GCD=1
UVM_INFO src/uvm/agent/gcd_monitor.sv(51) @ 673900: uvm_test_top.env.agent.mon [MON] Observed: A=189 B=11 GCD=1
UVM_INFO src/uvm/env/gcd_sb.sv(53) @ 679100: uvm_test_top.env.sb [SB] Match: A=203 B=134 GCD=1
UVM_INFO src/uvm/agent/gcd_monitor.sv(51) @ 679100: uvm_test_top.env.agent.mon [MON] Observed: A=203 B=134 GCD=1
UVM_INFO src/uvm/env/gcd_sb.sv(53) @ 682100: uvm_test_top.env.sb [SB] Match: A=142 B=186 GCD=2
UVM_INFO src/uvm/agent/gcd_monitor.sv(51) @ 682100: uvm_test_top.env.agent.mon [MON] Observed: A=142 B=186 GCD=2
UVM_INFO src/uvm/env/gcd_sb.sv(53) @ 689500: uvm_test_top.env.sb [SB] Match: A=6 B=169 GCD=1
UVM_INFO src/uvm/agent/gcd_monitor.sv(51) @ 689500: uvm_test_top.env.agent.mon [MON] Observed: A=6 B=169 GCD=1
UVM_INFO src/uvm/env/gcd_sb.sv(53) @ 692100: uvm_test_top.env.sb [SB] Match: A=52 B=172 GCD=4
UVM_INFO src/uvm/agent/gcd_monitor.sv(51) @ 692100: uvm_test_top.env.agent.mon [MON] Observed: A=52 B=172 GCD=4
UVM_INFO src/uvm/env/gcd_sb.sv(53) @ 696500: uvm_test_top.env.sb [SB] Match: A=23 B=150 GCD=1
UVM_INFO src/uvm/agent/gcd_monitor.sv(51) @ 696500: uvm_test_top.env.agent.mon [MON] Observed: A=23 B=150 GCD=1
UVM_INFO src/uvm/env/gcd_sb.sv(53) @ 700900: uvm_test_top.env.sb [SB] Match: A=174 B=13 GCD=1
UVM_INFO src/uvm/agent/gcd_monitor.sv(51) @ 700900: uvm_test_top.env.agent.mon [MON] Observed: A=174 B=13 GCD=1
UVM_INFO src/uvm/env/gcd_sb.sv(53) @ 704300: uvm_test_top.env.sb [SB] Match: A=252 B=197 GCD=1
UVM_INFO src/uvm/agent/gcd_monitor.sv(51) @ 704300: uvm_test_top.env.agent.mon [MON] Observed: A=252 B=197 GCD=1
UVM_INFO src/uvm/env/gcd_sb.sv(53) @ 707500: uvm_test_top.env.sb [SB] Match: A=254 B=55 GCD=1
UVM_INFO src/uvm/agent/gcd_monitor.sv(51) @ 707500: uvm_test_top.env.agent.mon [MON] Observed: A=254 B=55 GCD=1
UVM_INFO src/uvm/env/gcd_sb.sv(53) @ 710500: uvm_test_top.env.sb [SB] Match: A=182 B=144 GCD=2
UVM_INFO src/uvm/agent/gcd_monitor.sv(51) @ 710500: uvm_test_top.env.agent.mon [MON] Observed: A=182 B=144 GCD=2
UVM_INFO src/uvm/env/gcd_sb.sv(53) @ 713500: uvm_test_top.env.sb [SB] Match: A=34 B=162 GCD=2
UVM_INFO src/uvm/agent/gcd_monitor.sv(51) @ 713500: uvm_test_top.env.agent.mon [MON] Observed: A=34 B=162 GCD=2
UVM_INFO src/uvm/env/gcd_sb.sv(53) @ 715900: uvm_test_top.env.sb [SB] Match: A=68 B=156 GCD=4
UVM_INFO src/uvm/agent/gcd_monitor.sv(51) @ 715900: uvm_test_top.env.agent.mon [MON] Observed: A=68 B=156 GCD=4
UVM_INFO src/uvm/env/gcd_sb.sv(53) @ 719300: uvm_test_top.env.sb [SB] Match: A=27 B=170 GCD=1
UVM_INFO src/uvm/agent/gcd_monitor.sv(51) @ 719300: uvm_test_top.env.agent.mon [MON] Observed: A=27 B=170 GCD=1
UVM_INFO src/uvm/env/gcd_sb.sv(53) @ 722300: uvm_test_top.env.sb [SB] Match: A=168 B=114 GCD=6
UVM_INFO src/uvm/agent/gcd_monitor.sv(51) @ 722300: uvm_test_top.env.agent.mon [MON] Observed: A=168 B=114 GCD=6
UVM_INFO src/uvm/env/gcd_sb.sv(53) @ 727900: uvm_test_top.env.sb [SB] Match: A=233 B=33 GCD=1
UVM_INFO src/uvm/agent/gcd_monitor.sv(51) @ 727900: uvm_test_top.env.agent.mon [MON] Observed: A=233 B=33 GCD=1
UVM_INFO src/uvm/env/gcd_sb.sv(53) @ 730100: uvm_test_top.env.sb [SB] Match: A=224 B=182 GCD=14
UVM_INFO src/uvm/agent/gcd_monitor.sv(51) @ 730100: uvm_test_top.env.agent.mon [MON] Observed: A=224 B=182 GCD=14
UVM_INFO src/uvm/env/gcd_sb.sv(53) @ 735900: uvm_test_top.env.sb [SB] Match: A=140 B=6 GCD=2
UVM_INFO src/uvm/agent/gcd_monitor.sv(51) @ 735900: uvm_test_top.env.agent.mon [MON] Observed: A=140 B=6 GCD=2
UVM_INFO src/uvm/env/gcd_sb.sv(53) @ 739700: uvm_test_top.env.sb [SB] Match: A=237 B=61 GCD=1
UVM_INFO src/uvm/agent/gcd_monitor.sv(51) @ 739700: uvm_test_top.env.agent.mon [MON] Observed: A=237 B=61 GCD=1
UVM_INFO src/uvm/env/gcd_sb.sv(53) @ 746900: uvm_test_top.env.sb [SB] Match: A=3 B=91 GCD=1
UVM_INFO src/uvm/agent/gcd_monitor.sv(51) @ 746900: uvm_test_top.env.agent.mon [MON] Observed: A=3 B=91 GCD=1
UVM_INFO src/uvm/env/gcd_sb.sv(53) @ 750100: uvm_test_top.env.sb [SB] Match: A=207 B=141 GCD=3
UVM_INFO src/uvm/agent/gcd_monitor.sv(51) @ 750100: uvm_test_top.env.agent.mon [MON] Observed: A=207 B=141 GCD=3
UVM_INFO src/uvm/env/gcd_sb.sv(53) @ 755500: uvm_test_top.env.sb [SB] Match: A=80 B=121 GCD=1
UVM_INFO src/uvm/agent/gcd_monitor.sv(51) @ 755500: uvm_test_top.env.agent.mon [MON] Observed: A=80 B=121 GCD=1
UVM_INFO src/uvm/env/gcd_sb.sv(53) @ 758700: uvm_test_top.env.sb [SB] Match: A=134 B=30 GCD=2
UVM_INFO src/uvm/agent/gcd_monitor.sv(51) @ 758700: uvm_test_top.env.agent.mon [MON] Observed: A=134 B=30 GCD=2
UVM_INFO src/uvm/env/gcd_sb.sv(53) @ 762900: uvm_test_top.env.sb [SB] Match: A=113 B=216 GCD=1
UVM_INFO src/uvm/agent/gcd_monitor.sv(51) @ 762900: uvm_test_top.env.agent.mon [MON] Observed: A=113 B=216 GCD=1
UVM_INFO src/uvm/env/gcd_sb.sv(53) @ 766300: uvm_test_top.env.sb [SB] Match: A=17 B=76 GCD=1
UVM_INFO src/uvm/agent/gcd_monitor.sv(51) @ 766300: uvm_test_top.env.agent.mon [MON] Observed: A=17 B=76 GCD=1
UVM_INFO src/uvm/env/gcd_sb.sv(53) @ 769300: uvm_test_top.env.sb [SB] Match: A=103 B=167 GCD=1
UVM_INFO src/uvm/agent/gcd_monitor.sv(51) @ 769300: uvm_test_top.env.agent.mon [MON] Observed: A=103 B=167 GCD=1
UVM_INFO src/uvm/env/gcd_sb.sv(53) @ 773100: uvm_test_top.env.sb [SB] Match: A=113 B=187 GCD=1
UVM_INFO src/uvm/agent/gcd_monitor.sv(51) @ 773100: uvm_test_top.env.agent.mon [MON] Observed: A=113 B=187 GCD=1
UVM_INFO src/uvm/env/gcd_sb.sv(53) @ 776900: uvm_test_top.env.sb [SB] Match: A=49 B=228 GCD=1
UVM_INFO src/uvm/agent/gcd_monitor.sv(51) @ 776900: uvm_test_top.env.agent.mon [MON] Observed: A=49 B=228 GCD=1
UVM_INFO src/uvm/env/gcd_sb.sv(53) @ 785300: uvm_test_top.env.sb [SB] Match: A=166 B=199 GCD=1
UVM_INFO src/uvm/agent/gcd_monitor.sv(51) @ 785300: uvm_test_top.env.agent.mon [MON] Observed: A=166 B=199 GCD=1
UVM_INFO src/uvm/env/gcd_sb.sv(53) @ 788100: uvm_test_top.env.sb [SB] Match: A=209 B=190 GCD=19
UVM_INFO src/uvm/agent/gcd_monitor.sv(51) @ 788100: uvm_test_top.env.agent.mon [MON] Observed: A=209 B=190 GCD=19
UVM_INFO src/uvm/env/gcd_sb.sv(53) @ 789700: uvm_test_top.env.sb [SB] Match: A=176 B=110 GCD=22
UVM_INFO src/uvm/agent/gcd_monitor.sv(51) @ 789700: uvm_test_top.env.agent.mon [MON] Observed: A=176 B=110 GCD=22
UVM_INFO src/uvm/env/gcd_sb.sv(53) @ 792900: uvm_test_top.env.sb [SB] Match: A=69 B=6 GCD=3
UVM_INFO src/uvm/agent/gcd_monitor.sv(51) @ 792900: uvm_test_top.env.agent.mon [MON] Observed: A=69 B=6 GCD=3
UVM_INFO src/uvm/env/gcd_sb.sv(53) @ 797500: uvm_test_top.env.sb [SB] Match: A=143 B=133 GCD=1
UVM_INFO src/uvm/agent/gcd_monitor.sv(51) @ 797500: uvm_test_top.env.agent.mon [MON] Observed: A=143 B=133 GCD=1
UVM_INFO src/uvm/env/gcd_sb.sv(53) @ 801500: uvm_test_top.env.sb [SB] Match: A=142 B=235 GCD=1
UVM_INFO src/uvm/agent/gcd_monitor.sv(51) @ 801500: uvm_test_top.env.agent.mon [MON] Observed: A=142 B=235 GCD=1
UVM_INFO src/uvm/env/gcd_sb.sv(53) @ 804100: uvm_test_top.env.sb [SB] Match: A=66 B=10 GCD=2
UVM_INFO src/uvm/agent/gcd_monitor.sv(51) @ 804100: uvm_test_top.env.agent.mon [MON] Observed: A=66 B=10 GCD=2
UVM_INFO src/uvm/env/gcd_sb.sv(53) @ 806900: uvm_test_top.env.sb [SB] Match: A=172 B=62 GCD=2
UVM_INFO src/uvm/agent/gcd_monitor.sv(51) @ 806900: uvm_test_top.env.agent.mon [MON] Observed: A=172 B=62 GCD=2
UVM_INFO src/uvm/env/gcd_sb.sv(53) @ 810500: uvm_test_top.env.sb [SB] Match: A=202 B=255 GCD=1
UVM_INFO src/uvm/agent/gcd_monitor.sv(51) @ 810500: uvm_test_top.env.agent.mon [MON] Observed: A=202 B=255 GCD=1
UVM_INFO src/uvm/env/gcd_sb.sv(53) @ 822300: uvm_test_top.env.sb [SB] Match: A=158 B=211 GCD=1
UVM_INFO src/uvm/agent/gcd_monitor.sv(51) @ 822300: uvm_test_top.env.agent.mon [MON] Observed: A=158 B=211 GCD=1
UVM_INFO src/uvm/env/gcd_sb.sv(53) @ 827500: uvm_test_top.env.sb [SB] Match: A=39 B=98 GCD=1
UVM_INFO src/uvm/agent/gcd_monitor.sv(51) @ 827500: uvm_test_top.env.agent.mon [MON] Observed: A=39 B=98 GCD=1
UVM_INFO src/uvm/env/gcd_sb.sv(53) @ 833100: uvm_test_top.env.sb [SB] Match: A=101 B=5 GCD=1
UVM_INFO src/uvm/agent/gcd_monitor.sv(51) @ 833100: uvm_test_top.env.agent.mon [MON] Observed: A=101 B=5 GCD=1
UVM_INFO src/uvm/env/gcd_sb.sv(53) @ 837500: uvm_test_top.env.sb [SB] Match: A=89 B=98 GCD=1
UVM_INFO src/uvm/agent/gcd_monitor.sv(51) @ 837500: uvm_test_top.env.agent.mon [MON] Observed: A=89 B=98 GCD=1
UVM_INFO src/uvm/env/gcd_sb.sv(53) @ 859100: uvm_test_top.env.sb [SB] Match: A=2 B=210 GCD=2
UVM_INFO src/uvm/agent/gcd_monitor.sv(51) @ 859100: uvm_test_top.env.agent.mon [MON] Observed: A=2 B=210 GCD=2
UVM_INFO src/uvm/env/gcd_sb.sv(53) @ 862500: uvm_test_top.env.sb [SB] Match: A=95 B=208 GCD=1
UVM_INFO src/uvm/agent/gcd_monitor.sv(51) @ 862500: uvm_test_top.env.agent.mon [MON] Observed: A=95 B=208 GCD=1
UVM_INFO src/uvm/env/gcd_sb.sv(53) @ 874700: uvm_test_top.env.sb [SB] Match: A=114 B=226 GCD=2
UVM_INFO src/uvm/agent/gcd_monitor.sv(51) @ 874700: uvm_test_top.env.agent.mon [MON] Observed: A=114 B=226 GCD=2
UVM_INFO src/uvm/env/gcd_sb.sv(53) @ 877900: uvm_test_top.env.sb [SB] Match: A=59 B=218 GCD=1
UVM_INFO src/uvm/agent/gcd_monitor.sv(51) @ 877900: uvm_test_top.env.agent.mon [MON] Observed: A=59 B=218 GCD=1
UVM_INFO src/uvm/env/gcd_sb.sv(53) @ 881100: uvm_test_top.env.sb [SB] Match: A=184 B=141 GCD=1
UVM_INFO src/uvm/agent/gcd_monitor.sv(51) @ 881100: uvm_test_top.env.agent.mon [MON] Observed: A=184 B=141 GCD=1
UVM_INFO src/uvm/env/gcd_sb.sv(53) @ 886300: uvm_test_top.env.sb [SB] Match: A=235 B=84 GCD=1
UVM_INFO src/uvm/agent/gcd_monitor.sv(51) @ 886300: uvm_test_top.env.agent.mon [MON] Observed: A=235 B=84 GCD=1
UVM_INFO src/uvm/env/gcd_sb.sv(53) @ 929300: uvm_test_top.env.sb [SB] Match: A=211 B=212 GCD=1
UVM_INFO src/uvm/agent/gcd_monitor.sv(51) @ 929300: uvm_test_top.env.agent.mon [MON] Observed: A=211 B=212 GCD=1
UVM_INFO src/uvm/env/gcd_sb.sv(53) @ 933100: uvm_test_top.env.sb [SB] Match: A=112 B=15 GCD=1
UVM_INFO src/uvm/agent/gcd_monitor.sv(51) @ 933100: uvm_test_top.env.agent.mon [MON] Observed: A=112 B=15 GCD=1
UVM_INFO src/uvm/env/gcd_sb.sv(53) @ 937700: uvm_test_top.env.sb [SB] Match: A=194 B=94 GCD=2
UVM_INFO src/uvm/agent/gcd_monitor.sv(51) @ 937700: uvm_test_top.env.agent.mon [MON] Observed: A=194 B=94 GCD=2
UVM_INFO src/uvm/env/gcd_sb.sv(53) @ 945300: uvm_test_top.env.sb [SB] Match: A=201 B=102 GCD=3
UVM_INFO src/uvm/agent/gcd_monitor.sv(51) @ 945300: uvm_test_top.env.agent.mon [MON] Observed: A=201 B=102 GCD=3
UVM_INFO src/uvm/tests/gcd_test_lib.sv(160) @ 945300: uvm_test_top [all_gcd_test] Completed gcd_randomN_seq
UVM_INFO src/uvm/tests/gcd_test_lib.sv(156) @ 945300: uvm_test_top [all_gcd_test] Starting gcd_corner_seq
UVM_INFO src/uvm/env/gcd_sb.sv(53) @ 946300: uvm_test_top.env.sb [SB] Match: A=1 B=1 GCD=1
UVM_INFO src/uvm/agent/gcd_monitor.sv(51) @ 946300: uvm_test_top.env.agent.mon [MON] Observed: A=1 B=1 GCD=1
UVM_INFO src/uvm/env/gcd_sb.sv(53) @ 947300: uvm_test_top.env.sb [SB] Match: A=2 B=2 GCD=2
UVM_INFO src/uvm/agent/gcd_monitor.sv(51) @ 947300: uvm_test_top.env.agent.mon [MON] Observed: A=2 B=2 GCD=2
UVM_INFO src/uvm/env/gcd_sb.sv(53) @ 948300: uvm_test_top.env.sb [SB] Match: A=3 B=3 GCD=3
UVM_INFO src/uvm/agent/gcd_monitor.sv(51) @ 948300: uvm_test_top.env.agent.mon [MON] Observed: A=3 B=3 GCD=3
UVM_INFO src/uvm/env/gcd_sb.sv(53) @ 949300: uvm_test_top.env.sb [SB] Match: A=16 B=16 GCD=16
UVM_INFO src/uvm/agent/gcd_monitor.sv(51) @ 949300: uvm_test_top.env.agent.mon [MON] Observed: A=16 B=16 GCD=16
UVM_INFO src/uvm/env/gcd_sb.sv(53) @ 950300: uvm_test_top.env.sb [SB] Match: A=255 B=255 GCD=255
UVM_INFO src/uvm/agent/gcd_monitor.sv(51) @ 950300: uvm_test_top.env.agent.mon [MON] Observed: A=255 B=255 GCD=255
xmsim: *W,RNDOCS: These constraints and variables contribute to the set of conflicting constraints (view the extended help for this message using 'xmhelp xmsim RNDOCS' for guidelines on how debug the issue):

In ./src/uvm/sequences/gcd_seq_item.sv
line 30:  ( data_a > 8'h0 )

In ./src/uvm/sequences/gcd_seq_lib.sv
line 86:  ( data_a == 8'h0 )


Variable  Type         Status        Current Value          Source                                         
-----------------------------------------------------------------------------------------------------------
data_a    (bit [7:0])  RANDOM        <unassigned>           ./src/uvm/sequences/gcd_seq_item.sv ; line 12


      `uvm_do_with(seq, { data_a == 0; data_b == b_vals[idx]; })
                                                               |
xmsim: *W,SVRNDF (./src/uvm/sequences/gcd_seq_lib.sv,86|63): The randomize method call failed. The unique id of the failed randomize call is 206.
Observed simulation time : 95030 NS + 2.
UVM_WARNING src/uvm/sequences/gcd_seq_lib.sv(86) @ 950300: uvm_test_top.env.agent.seqr@@corner_seq [RNDFLD] Randomization failed in uvm_do_with action
UVM_INFO src/uvm/env/gcd_sb.sv(53) @ 951300: uvm_test_top.env.sb [SB] Match: A=0 B=0 GCD=0
UVM_INFO src/uvm/agent/gcd_monitor.sv(51) @ 951300: uvm_test_top.env.agent.mon [MON] Observed: A=0 B=0 GCD=0
xmsim: *W,RNDOCS: These constraints and variables contribute to the set of conflicting constraints (view the extended help for this message using 'xmhelp xmsim RNDOCS' for guidelines on how debug the issue):

In ./src/uvm/sequences/gcd_seq_item.sv
line 30:  ( data_a > 8'h0 )

In ./src/uvm/sequences/gcd_seq_lib.sv
line 86:  ( data_a == 8'h0 )


Variable  Type         Status        Current Value          Source                                         
-----------------------------------------------------------------------------------------------------------
data_a    (bit [7:0])  RANDOM        <unassigned>           ./src/uvm/sequences/gcd_seq_item.sv ; line 12


      `uvm_do_with(seq, { data_a == 0; data_b == b_vals[idx]; })
                                                               |
xmsim: *W,SVRNDF (./src/uvm/sequences/gcd_seq_lib.sv,86|63): The randomize method call failed. The unique id of the failed randomize call is 207.
Observed simulation time : 95130 NS + 2.
UVM_WARNING src/uvm/sequences/gcd_seq_lib.sv(86) @ 951300: uvm_test_top.env.agent.seqr@@corner_seq [RNDFLD] Randomization failed in uvm_do_with action
UVM_INFO src/uvm/env/gcd_sb.sv(53) @ 952300: uvm_test_top.env.sb [SB] Match: A=0 B=0 GCD=0
UVM_INFO src/uvm/agent/gcd_monitor.sv(51) @ 952300: uvm_test_top.env.agent.mon [MON] Observed: A=0 B=0 GCD=0
xmsim: *W,RNDOCS: These constraints and variables contribute to the set of conflicting constraints (view the extended help for this message using 'xmhelp xmsim RNDOCS' for guidelines on how debug the issue):

In ./src/uvm/sequences/gcd_seq_item.sv
line 30:  ( data_a > 8'h0 )

In ./src/uvm/sequences/gcd_seq_lib.sv
line 86:  ( data_a == 8'h0 )


Variable  Type         Status        Current Value          Source                                         
-----------------------------------------------------------------------------------------------------------
data_a    (bit [7:0])  RANDOM        <unassigned>           ./src/uvm/sequences/gcd_seq_item.sv ; line 12


      `uvm_do_with(seq, { data_a == 0; data_b == b_vals[idx]; })
                                                               |
xmsim: *W,SVRNDF (./src/uvm/sequences/gcd_seq_lib.sv,86|63): The randomize method call failed. The unique id of the failed randomize call is 208.
Observed simulation time : 95230 NS + 2.
UVM_WARNING src/uvm/sequences/gcd_seq_lib.sv(86) @ 952300: uvm_test_top.env.agent.seqr@@corner_seq [RNDFLD] Randomization failed in uvm_do_with action
UVM_INFO src/uvm/env/gcd_sb.sv(53) @ 953300: uvm_test_top.env.sb [SB] Match: A=0 B=0 GCD=0
UVM_INFO src/uvm/agent/gcd_monitor.sv(51) @ 953300: uvm_test_top.env.agent.mon [MON] Observed: A=0 B=0 GCD=0
xmsim: *W,RNDOCS: These constraints and variables contribute to the set of conflicting constraints (view the extended help for this message using 'xmhelp xmsim RNDOCS' for guidelines on how debug the issue):

In ./src/uvm/sequences/gcd_seq_item.sv
line 30:  ( data_a > 8'h0 )

In ./src/uvm/sequences/gcd_seq_lib.sv
line 86:  ( data_a == 8'h0 )


Variable  Type         Status        Current Value          Source                                         
-----------------------------------------------------------------------------------------------------------
data_a    (bit [7:0])  RANDOM        <unassigned>           ./src/uvm/sequences/gcd_seq_item.sv ; line 12


      `uvm_do_with(seq, { data_a == 0; data_b == b_vals[idx]; })
                                                               |
xmsim: *W,SVRNDF (./src/uvm/sequences/gcd_seq_lib.sv,86|63): The randomize method call failed. The unique id of the failed randomize call is 209.
Observed simulation time : 95330 NS + 2.
UVM_WARNING src/uvm/sequences/gcd_seq_lib.sv(86) @ 953300: uvm_test_top.env.agent.seqr@@corner_seq [RNDFLD] Randomization failed in uvm_do_with action
UVM_INFO src/uvm/env/gcd_sb.sv(53) @ 954300: uvm_test_top.env.sb [SB] Match: A=0 B=0 GCD=0
UVM_INFO src/uvm/agent/gcd_monitor.sv(51) @ 954300: uvm_test_top.env.agent.mon [MON] Observed: A=0 B=0 GCD=0
xmsim: *W,RNDOCS: These constraints and variables contribute to the set of conflicting constraints (view the extended help for this message using 'xmhelp xmsim RNDOCS' for guidelines on how debug the issue):

In ./src/uvm/sequences/gcd_seq_item.sv
line 30:  ( data_a > 8'h0 )

In ./src/uvm/sequences/gcd_seq_lib.sv
line 86:  ( data_a == 8'h0 )


Variable  Type         Status        Current Value          Source                                         
-----------------------------------------------------------------------------------------------------------
data_a    (bit [7:0])  RANDOM        <unassigned>           ./src/uvm/sequences/gcd_seq_item.sv ; line 12


      `uvm_do_with(seq, { data_a == 0; data_b == b_vals[idx]; })
                                                               |
xmsim: *W,SVRNDF (./src/uvm/sequences/gcd_seq_lib.sv,86|63): The randomize method call failed. The unique id of the failed randomize call is 210.
Observed simulation time : 95430 NS + 2.
UVM_WARNING src/uvm/sequences/gcd_seq_lib.sv(86) @ 954300: uvm_test_top.env.agent.seqr@@corner_seq [RNDFLD] Randomization failed in uvm_do_with action
UVM_INFO src/uvm/env/gcd_sb.sv(53) @ 955300: uvm_test_top.env.sb [SB] Match: A=0 B=0 GCD=0
UVM_INFO src/uvm/agent/gcd_monitor.sv(51) @ 955300: uvm_test_top.env.agent.mon [MON] Observed: A=0 B=0 GCD=0
xmsim: *W,RNDOCS: These constraints and variables contribute to the set of conflicting constraints (view the extended help for this message using 'xmhelp xmsim RNDOCS' for guidelines on how debug the issue):

In ./src/uvm/sequences/gcd_seq_item.sv
line 31:  ( data_b > 8'h0 )

In ./src/uvm/sequences/gcd_seq_lib.sv
line 91:  ( data_b == 8'h0 )


Variable  Type         Status        Current Value          Source                                         
-----------------------------------------------------------------------------------------------------------
data_b    (bit [7:0])  RANDOM        <unassigned>           ./src/uvm/sequences/gcd_seq_item.sv ; line 12


      `uvm_do_with(seq, { data_b == 0; data_a == a_vals[idx]; })
                                                               |
xmsim: *W,SVRNDF (./src/uvm/sequences/gcd_seq_lib.sv,91|63): The randomize method call failed. The unique id of the failed randomize call is 211.
Observed simulation time : 95530 NS + 2.
UVM_WARNING src/uvm/sequences/gcd_seq_lib.sv(91) @ 955300: uvm_test_top.env.agent.seqr@@corner_seq [RNDFLD] Randomization failed in uvm_do_with action
UVM_INFO src/uvm/env/gcd_sb.sv(53) @ 956300: uvm_test_top.env.sb [SB] Match: A=0 B=0 GCD=0
UVM_INFO src/uvm/agent/gcd_monitor.sv(51) @ 956300: uvm_test_top.env.agent.mon [MON] Observed: A=0 B=0 GCD=0
xmsim: *W,RNDOCS: These constraints and variables contribute to the set of conflicting constraints (view the extended help for this message using 'xmhelp xmsim RNDOCS' for guidelines on how debug the issue):

In ./src/uvm/sequences/gcd_seq_item.sv
line 31:  ( data_b > 8'h0 )

In ./src/uvm/sequences/gcd_seq_lib.sv
line 91:  ( data_b == 8'h0 )


Variable  Type         Status        Current Value          Source                                         
-----------------------------------------------------------------------------------------------------------
data_b    (bit [7:0])  RANDOM        <unassigned>           ./src/uvm/sequences/gcd_seq_item.sv ; line 12


      `uvm_do_with(seq, { data_b == 0; data_a == a_vals[idx]; })
                                                               |
xmsim: *W,SVRNDF (./src/uvm/sequences/gcd_seq_lib.sv,91|63): The randomize method call failed. The unique id of the failed randomize call is 212.
Observed simulation time : 95630 NS + 2.
UVM_WARNING src/uvm/sequences/gcd_seq_lib.sv(91) @ 956300: uvm_test_top.env.agent.seqr@@corner_seq [RNDFLD] Randomization failed in uvm_do_with action
UVM_INFO src/uvm/env/gcd_sb.sv(53) @ 957300: uvm_test_top.env.sb [SB] Match: A=0 B=0 GCD=0
UVM_INFO src/uvm/agent/gcd_monitor.sv(51) @ 957300: uvm_test_top.env.agent.mon [MON] Observed: A=0 B=0 GCD=0
xmsim: *W,RNDOCS: These constraints and variables contribute to the set of conflicting constraints (view the extended help for this message using 'xmhelp xmsim RNDOCS' for guidelines on how debug the issue):

In ./src/uvm/sequences/gcd_seq_item.sv
line 31:  ( data_b > 8'h0 )

In ./src/uvm/sequences/gcd_seq_lib.sv
line 91:  ( data_b == 8'h0 )


Variable  Type         Status        Current Value          Source                                         
-----------------------------------------------------------------------------------------------------------
data_b    (bit [7:0])  RANDOM        <unassigned>           ./src/uvm/sequences/gcd_seq_item.sv ; line 12


      `uvm_do_with(seq, { data_b == 0; data_a == a_vals[idx]; })
                                                               |
xmsim: *W,SVRNDF (./src/uvm/sequences/gcd_seq_lib.sv,91|63): The randomize method call failed. The unique id of the failed randomize call is 213.
Observed simulation time : 95730 NS + 2.
UVM_WARNING src/uvm/sequences/gcd_seq_lib.sv(91) @ 957300: uvm_test_top.env.agent.seqr@@corner_seq [RNDFLD] Randomization failed in uvm_do_with action
UVM_INFO src/uvm/env/gcd_sb.sv(53) @ 958300: uvm_test_top.env.sb [SB] Match: A=0 B=0 GCD=0
UVM_INFO src/uvm/agent/gcd_monitor.sv(51) @ 958300: uvm_test_top.env.agent.mon [MON] Observed: A=0 B=0 GCD=0
xmsim: *W,RNDOCS: These constraints and variables contribute to the set of conflicting constraints (view the extended help for this message using 'xmhelp xmsim RNDOCS' for guidelines on how debug the issue):

In ./src/uvm/sequences/gcd_seq_item.sv
line 31:  ( data_b > 8'h0 )

In ./src/uvm/sequences/gcd_seq_lib.sv
line 91:  ( data_b == 8'h0 )


Variable  Type         Status        Current Value          Source                                         
-----------------------------------------------------------------------------------------------------------
data_b    (bit [7:0])  RANDOM        <unassigned>           ./src/uvm/sequences/gcd_seq_item.sv ; line 12


      `uvm_do_with(seq, { data_b == 0; data_a == a_vals[idx]; })
                                                               |
xmsim: *W,SVRNDF (./src/uvm/sequences/gcd_seq_lib.sv,91|63): The randomize method call failed. The unique id of the failed randomize call is 214.
Observed simulation time : 95830 NS + 2.
UVM_WARNING src/uvm/sequences/gcd_seq_lib.sv(91) @ 958300: uvm_test_top.env.agent.seqr@@corner_seq [RNDFLD] Randomization failed in uvm_do_with action
UVM_INFO src/uvm/env/gcd_sb.sv(53) @ 959300: uvm_test_top.env.sb [SB] Match: A=0 B=0 GCD=0
UVM_INFO src/uvm/agent/gcd_monitor.sv(51) @ 959300: uvm_test_top.env.agent.mon [MON] Observed: A=0 B=0 GCD=0
xmsim: *W,RNDOCS: These constraints and variables contribute to the set of conflicting constraints (view the extended help for this message using 'xmhelp xmsim RNDOCS' for guidelines on how debug the issue):

In ./src/uvm/sequences/gcd_seq_item.sv
line 31:  ( data_b > 8'h0 )

In ./src/uvm/sequences/gcd_seq_lib.sv
line 91:  ( data_b == 8'h0 )


Variable  Type         Status        Current Value          Source                                         
-----------------------------------------------------------------------------------------------------------
data_b    (bit [7:0])  RANDOM        <unassigned>           ./src/uvm/sequences/gcd_seq_item.sv ; line 12


      `uvm_do_with(seq, { data_b == 0; data_a == a_vals[idx]; })
                                                               |
xmsim: *W,SVRNDF (./src/uvm/sequences/gcd_seq_lib.sv,91|63): The randomize method call failed. The unique id of the failed randomize call is 215.
Observed simulation time : 95930 NS + 2.
UVM_WARNING src/uvm/sequences/gcd_seq_lib.sv(91) @ 959300: uvm_test_top.env.agent.seqr@@corner_seq [RNDFLD] Randomization failed in uvm_do_with action
UVM_INFO src/uvm/env/gcd_sb.sv(53) @ 960300: uvm_test_top.env.sb [SB] Match: A=0 B=0 GCD=0
UVM_INFO src/uvm/agent/gcd_monitor.sv(51) @ 960300: uvm_test_top.env.agent.mon [MON] Observed: A=0 B=0 GCD=0
UVM_INFO src/uvm/env/gcd_sb.sv(53) @ 1011900: uvm_test_top.env.sb [SB] Match: A=1 B=255 GCD=1
UVM_INFO src/uvm/agent/gcd_monitor.sv(51) @ 1011900: uvm_test_top.env.agent.mon [MON] Observed: A=1 B=255 GCD=1
UVM_INFO src/uvm/env/gcd_sb.sv(53) @ 1063500: uvm_test_top.env.sb [SB] Match: A=255 B=1 GCD=1
UVM_INFO src/uvm/agent/gcd_monitor.sv(51) @ 1063500: uvm_test_top.env.agent.mon [MON] Observed: A=255 B=1 GCD=1
UVM_INFO src/uvm/env/gcd_sb.sv(53) @ 1089500: uvm_test_top.env.sb [SB] Match: A=254 B=2 GCD=2
UVM_INFO src/uvm/agent/gcd_monitor.sv(51) @ 1089500: uvm_test_top.env.agent.mon [MON] Observed: A=254 B=2 GCD=2
UVM_INFO src/uvm/env/gcd_sb.sv(53) @ 1090500: uvm_test_top.env.sb [SB] Match: A=128 B=128 GCD=128
UVM_INFO src/uvm/agent/gcd_monitor.sv(51) @ 1090500: uvm_test_top.env.agent.mon [MON] Observed: A=128 B=128 GCD=128
UVM_INFO src/uvm/tests/gcd_test_lib.sv(160) @ 1090500: uvm_test_top [all_gcd_test] Completed gcd_corner_seq
UVM_INFO src/uvm/tests/gcd_test_lib.sv(156) @ 1090500: uvm_test_top [all_gcd_test] Starting gcd_sweep_seq
UVM_INFO src/uvm/env/gcd_sb.sv(53) @ 1091500: uvm_test_top.env.sb [SB] Match: A=1 B=1 GCD=1
UVM_INFO src/uvm/agent/gcd_monitor.sv(51) @ 1091500: uvm_test_top.env.agent.mon [MON] Observed: A=1 B=1 GCD=1
UVM_INFO src/uvm/env/gcd_sb.sv(53) @ 1092500: uvm_test_top.env.sb [SB] Match: A=1 B=2 GCD=1
UVM_INFO src/uvm/agent/gcd_monitor.sv(51) @ 1092500: uvm_test_top.env.agent.mon [MON] Observed: A=1 B=2 GCD=1
UVM_INFO src/uvm/env/gcd_sb.sv(53) @ 1093700: uvm_test_top.env.sb [SB] Match: A=1 B=3 GCD=1
UVM_INFO src/uvm/agent/gcd_monitor.sv(51) @ 1093700: uvm_test_top.env.agent.mon [MON] Observed: A=1 B=3 GCD=1
UVM_INFO src/uvm/env/gcd_sb.sv(53) @ 1095100: uvm_test_top.env.sb [SB] Match: A=1 B=4 GCD=1
UVM_INFO src/uvm/agent/gcd_monitor.sv(51) @ 1095100: uvm_test_top.env.agent.mon [MON] Observed: A=1 B=4 GCD=1
UVM_INFO src/uvm/env/gcd_sb.sv(53) @ 1096700: uvm_test_top.env.sb [SB] Match: A=1 B=5 GCD=1
UVM_INFO src/uvm/agent/gcd_monitor.sv(51) @ 1096700: uvm_test_top.env.agent.mon [MON] Observed: A=1 B=5 GCD=1
UVM_INFO src/uvm/env/gcd_sb.sv(53) @ 1098500: uvm_test_top.env.sb [SB] Match: A=1 B=6 GCD=1
UVM_INFO src/uvm/agent/gcd_monitor.sv(51) @ 1098500: uvm_test_top.env.agent.mon [MON] Observed: A=1 B=6 GCD=1
UVM_INFO src/uvm/env/gcd_sb.sv(53) @ 1100500: uvm_test_top.env.sb [SB] Match: A=1 B=7 GCD=1
UVM_INFO src/uvm/agent/gcd_monitor.sv(51) @ 1100500: uvm_test_top.env.agent.mon [MON] Observed: A=1 B=7 GCD=1
UVM_INFO src/uvm/env/gcd_sb.sv(53) @ 1102700: uvm_test_top.env.sb [SB] Match: A=1 B=8 GCD=1
UVM_INFO src/uvm/agent/gcd_monitor.sv(51) @ 1102700: uvm_test_top.env.agent.mon [MON] Observed: A=1 B=8 GCD=1
UVM_INFO src/uvm/env/gcd_sb.sv(53) @ 1103700: uvm_test_top.env.sb [SB] Match: A=2 B=1 GCD=1
UVM_INFO src/uvm/agent/gcd_monitor.sv(51) @ 1103700: uvm_test_top.env.agent.mon [MON] Observed: A=2 B=1 GCD=1
UVM_INFO src/uvm/env/gcd_sb.sv(53) @ 1104700: uvm_test_top.env.sb [SB] Match: A=2 B=2 GCD=2
UVM_INFO src/uvm/agent/gcd_monitor.sv(51) @ 1104700: uvm_test_top.env.agent.mon [MON] Observed: A=2 B=2 GCD=2
UVM_INFO src/uvm/env/gcd_sb.sv(53) @ 1105900: uvm_test_top.env.sb [SB] Match: A=2 B=3 GCD=1
UVM_INFO src/uvm/agent/gcd_monitor.sv(51) @ 1105900: uvm_test_top.env.agent.mon [MON] Observed: A=2 B=3 GCD=1
UVM_INFO src/uvm/env/gcd_sb.sv(53) @ 1106900: uvm_test_top.env.sb [SB] Match: A=2 B=4 GCD=2
UVM_INFO src/uvm/agent/gcd_monitor.sv(51) @ 1106900: uvm_test_top.env.agent.mon [MON] Observed: A=2 B=4 GCD=2
UVM_INFO src/uvm/env/gcd_sb.sv(53) @ 1108300: uvm_test_top.env.sb [SB] Match: A=2 B=5 GCD=1
UVM_INFO src/uvm/agent/gcd_monitor.sv(51) @ 1108300: uvm_test_top.env.agent.mon [MON] Observed: A=2 B=5 GCD=1
UVM_INFO src/uvm/env/gcd_sb.sv(53) @ 1109500: uvm_test_top.env.sb [SB] Match: A=2 B=6 GCD=2
UVM_INFO src/uvm/agent/gcd_monitor.sv(51) @ 1109500: uvm_test_top.env.agent.mon [MON] Observed: A=2 B=6 GCD=2
UVM_INFO src/uvm/env/gcd_sb.sv(53) @ 1111100: uvm_test_top.env.sb [SB] Match: A=2 B=7 GCD=1
UVM_INFO src/uvm/agent/gcd_monitor.sv(51) @ 1111100: uvm_test_top.env.agent.mon [MON] Observed: A=2 B=7 GCD=1
UVM_INFO src/uvm/env/gcd_sb.sv(53) @ 1112500: uvm_test_top.env.sb [SB] Match: A=2 B=8 GCD=2
UVM_INFO src/uvm/agent/gcd_monitor.sv(51) @ 1112500: uvm_test_top.env.agent.mon [MON] Observed: A=2 B=8 GCD=2
UVM_INFO src/uvm/env/gcd_sb.sv(53) @ 1113700: uvm_test_top.env.sb [SB] Match: A=3 B=1 GCD=1
UVM_INFO src/uvm/agent/gcd_monitor.sv(51) @ 1113700: uvm_test_top.env.agent.mon [MON] Observed: A=3 B=1 GCD=1
UVM_INFO src/uvm/env/gcd_sb.sv(53) @ 1114900: uvm_test_top.env.sb [SB] Match: A=3 B=2 GCD=1
UVM_INFO src/uvm/agent/gcd_monitor.sv(51) @ 1114900: uvm_test_top.env.agent.mon [MON] Observed: A=3 B=2 GCD=1
UVM_INFO src/uvm/env/gcd_sb.sv(53) @ 1115900: uvm_test_top.env.sb [SB] Match: A=3 B=3 GCD=3
UVM_INFO src/uvm/agent/gcd_monitor.sv(51) @ 1115900: uvm_test_top.env.agent.mon [MON] Observed: A=3 B=3 GCD=3
UVM_INFO src/uvm/env/gcd_sb.sv(53) @ 1117300: uvm_test_top.env.sb [SB] Match: A=3 B=4 GCD=1
UVM_INFO src/uvm/agent/gcd_monitor.sv(51) @ 1117300: uvm_test_top.env.agent.mon [MON] Observed: A=3 B=4 GCD=1
UVM_INFO src/uvm/env/gcd_sb.sv(53) @ 1118700: uvm_test_top.env.sb [SB] Match: A=3 B=5 GCD=1
UVM_INFO src/uvm/agent/gcd_monitor.sv(51) @ 1118700: uvm_test_top.env.agent.mon [MON] Observed: A=3 B=5 GCD=1
UVM_INFO src/uvm/env/gcd_sb.sv(53) @ 1119700: uvm_test_top.env.sb [SB] Match: A=3 B=6 GCD=3
UVM_INFO src/uvm/agent/gcd_monitor.sv(51) @ 1119700: uvm_test_top.env.agent.mon [MON] Observed: A=3 B=6 GCD=3
UVM_INFO src/uvm/env/gcd_sb.sv(53) @ 1121300: uvm_test_top.env.sb [SB] Match: A=3 B=7 GCD=1
UVM_INFO src/uvm/agent/gcd_monitor.sv(51) @ 1121300: uvm_test_top.env.agent.mon [MON] Observed: A=3 B=7 GCD=1
UVM_INFO src/uvm/env/gcd_sb.sv(53) @ 1122900: uvm_test_top.env.sb [SB] Match: A=3 B=8 GCD=1
UVM_INFO src/uvm/agent/gcd_monitor.sv(51) @ 1122900: uvm_test_top.env.agent.mon [MON] Observed: A=3 B=8 GCD=1
UVM_INFO src/uvm/env/gcd_sb.sv(53) @ 1124300: uvm_test_top.env.sb [SB] Match: A=4 B=1 GCD=1
UVM_INFO src/uvm/agent/gcd_monitor.sv(51) @ 1124300: uvm_test_top.env.agent.mon [MON] Observed: A=4 B=1 GCD=1
UVM_INFO src/uvm/env/gcd_sb.sv(53) @ 1125300: uvm_test_top.env.sb [SB] Match: A=4 B=2 GCD=2
UVM_INFO src/uvm/agent/gcd_monitor.sv(51) @ 1125300: uvm_test_top.env.agent.mon [MON] Observed: A=4 B=2 GCD=2
UVM_INFO src/uvm/env/gcd_sb.sv(53) @ 1126700: uvm_test_top.env.sb [SB] Match: A=4 B=3 GCD=1
UVM_INFO src/uvm/agent/gcd_monitor.sv(51) @ 1126700: uvm_test_top.env.agent.mon [MON] Observed: A=4 B=3 GCD=1
UVM_INFO src/uvm/env/gcd_sb.sv(53) @ 1127700: uvm_test_top.env.sb [SB] Match: A=4 B=4 GCD=4
UVM_INFO src/uvm/agent/gcd_monitor.sv(51) @ 1127700: uvm_test_top.env.agent.mon [MON] Observed: A=4 B=4 GCD=4
UVM_INFO src/uvm/env/gcd_sb.sv(53) @ 1129300: uvm_test_top.env.sb [SB] Match: A=4 B=5 GCD=1
UVM_INFO src/uvm/agent/gcd_monitor.sv(51) @ 1129300: uvm_test_top.env.agent.mon [MON] Observed: A=4 B=5 GCD=1
UVM_INFO src/uvm/env/gcd_sb.sv(53) @ 1130500: uvm_test_top.env.sb [SB] Match: A=4 B=6 GCD=2
UVM_INFO src/uvm/agent/gcd_monitor.sv(51) @ 1130500: uvm_test_top.env.agent.mon [MON] Observed: A=4 B=6 GCD=2
UVM_INFO src/uvm/env/gcd_sb.sv(53) @ 1132100: uvm_test_top.env.sb [SB] Match: A=4 B=7 GCD=1
UVM_INFO src/uvm/agent/gcd_monitor.sv(51) @ 1132100: uvm_test_top.env.agent.mon [MON] Observed: A=4 B=7 GCD=1
UVM_INFO src/uvm/env/gcd_sb.sv(53) @ 1133100: uvm_test_top.env.sb [SB] Match: A=4 B=8 GCD=4
UVM_INFO src/uvm/agent/gcd_monitor.sv(51) @ 1133100: uvm_test_top.env.agent.mon [MON] Observed: A=4 B=8 GCD=4
UVM_INFO src/uvm/env/gcd_sb.sv(53) @ 1134700: uvm_test_top.env.sb [SB] Match: A=5 B=1 GCD=1
UVM_INFO src/uvm/agent/gcd_monitor.sv(51) @ 1134700: uvm_test_top.env.agent.mon [MON] Observed: A=5 B=1 GCD=1
UVM_INFO src/uvm/env/gcd_sb.sv(53) @ 1136100: uvm_test_top.env.sb [SB] Match: A=5 B=2 GCD=1
UVM_INFO src/uvm/agent/gcd_monitor.sv(51) @ 1136100: uvm_test_top.env.agent.mon [MON] Observed: A=5 B=2 GCD=1
UVM_INFO src/uvm/env/gcd_sb.sv(53) @ 1137500: uvm_test_top.env.sb [SB] Match: A=5 B=3 GCD=1
UVM_INFO src/uvm/agent/gcd_monitor.sv(51) @ 1137500: uvm_test_top.env.agent.mon [MON] Observed: A=5 B=3 GCD=1
UVM_INFO src/uvm/env/gcd_sb.sv(53) @ 1139100: uvm_test_top.env.sb [SB] Match: A=5 B=4 GCD=1
UVM_INFO src/uvm/agent/gcd_monitor.sv(51) @ 1139100: uvm_test_top.env.agent.mon [MON] Observed: A=5 B=4 GCD=1
UVM_INFO src/uvm/env/gcd_sb.sv(53) @ 1140100: uvm_test_top.env.sb [SB] Match: A=5 B=5 GCD=5
UVM_INFO src/uvm/agent/gcd_monitor.sv(51) @ 1140100: uvm_test_top.env.agent.mon [MON] Observed: A=5 B=5 GCD=5
UVM_INFO src/uvm/env/gcd_sb.sv(53) @ 1141900: uvm_test_top.env.sb [SB] Match: A=5 B=6 GCD=1
UVM_INFO src/uvm/agent/gcd_monitor.sv(51) @ 1141900: uvm_test_top.env.agent.mon [MON] Observed: A=5 B=6 GCD=1
UVM_INFO src/uvm/env/gcd_sb.sv(53) @ 1143500: uvm_test_top.env.sb [SB] Match: A=5 B=7 GCD=1
UVM_INFO src/uvm/agent/gcd_monitor.sv(51) @ 1143500: uvm_test_top.env.agent.mon [MON] Observed: A=5 B=7 GCD=1
UVM_INFO src/uvm/env/gcd_sb.sv(53) @ 1145100: uvm_test_top.env.sb [SB] Match: A=5 B=8 GCD=1
UVM_INFO src/uvm/agent/gcd_monitor.sv(51) @ 1145100: uvm_test_top.env.agent.mon [MON] Observed: A=5 B=8 GCD=1
UVM_INFO src/uvm/env/gcd_sb.sv(53) @ 1146900: uvm_test_top.env.sb [SB] Match: A=6 B=1 GCD=1
UVM_INFO src/uvm/agent/gcd_monitor.sv(51) @ 1146900: uvm_test_top.env.agent.mon [MON] Observed: A=6 B=1 GCD=1
UVM_INFO src/uvm/env/gcd_sb.sv(53) @ 1148100: uvm_test_top.env.sb [SB] Match: A=6 B=2 GCD=2
UVM_INFO src/uvm/agent/gcd_monitor.sv(51) @ 1148100: uvm_test_top.env.agent.mon [MON] Observed: A=6 B=2 GCD=2
UVM_INFO src/uvm/env/gcd_sb.sv(53) @ 1149100: uvm_test_top.env.sb [SB] Match: A=6 B=3 GCD=3
UVM_INFO src/uvm/agent/gcd_monitor.sv(51) @ 1149100: uvm_test_top.env.agent.mon [MON] Observed: A=6 B=3 GCD=3
UVM_INFO src/uvm/env/gcd_sb.sv(53) @ 1150300: uvm_test_top.env.sb [SB] Match: A=6 B=4 GCD=2
UVM_INFO src/uvm/agent/gcd_monitor.sv(51) @ 1150300: uvm_test_top.env.agent.mon [MON] Observed: A=6 B=4 GCD=2
UVM_INFO src/uvm/env/gcd_sb.sv(53) @ 1152100: uvm_test_top.env.sb [SB] Match: A=6 B=5 GCD=1
UVM_INFO src/uvm/agent/gcd_monitor.sv(51) @ 1152100: uvm_test_top.env.agent.mon [MON] Observed: A=6 B=5 GCD=1
UVM_INFO src/uvm/env/gcd_sb.sv(53) @ 1153100: uvm_test_top.env.sb [SB] Match: A=6 B=6 GCD=6
UVM_INFO src/uvm/agent/gcd_monitor.sv(51) @ 1153100: uvm_test_top.env.agent.mon [MON] Observed: A=6 B=6 GCD=6
UVM_INFO src/uvm/env/gcd_sb.sv(53) @ 1155100: uvm_test_top.env.sb [SB] Match: A=6 B=7 GCD=1
UVM_INFO src/uvm/agent/gcd_monitor.sv(51) @ 1155100: uvm_test_top.env.agent.mon [MON] Observed: A=6 B=7 GCD=1
UVM_INFO src/uvm/env/gcd_sb.sv(53) @ 1156500: uvm_test_top.env.sb [SB] Match: A=6 B=8 GCD=2
UVM_INFO src/uvm/agent/gcd_monitor.sv(51) @ 1156500: uvm_test_top.env.agent.mon [MON] Observed: A=6 B=8 GCD=2
UVM_INFO src/uvm/env/gcd_sb.sv(53) @ 1158500: uvm_test_top.env.sb [SB] Match: A=7 B=1 GCD=1
UVM_INFO src/uvm/agent/gcd_monitor.sv(51) @ 1158500: uvm_test_top.env.agent.mon [MON] Observed: A=7 B=1 GCD=1
UVM_INFO src/uvm/env/gcd_sb.sv(53) @ 1160100: uvm_test_top.env.sb [SB] Match: A=7 B=2 GCD=1
UVM_INFO src/uvm/agent/gcd_monitor.sv(51) @ 1160100: uvm_test_top.env.agent.mon [MON] Observed: A=7 B=2 GCD=1
UVM_INFO src/uvm/env/gcd_sb.sv(53) @ 1161700: uvm_test_top.env.sb [SB] Match: A=7 B=3 GCD=1
UVM_INFO src/uvm/agent/gcd_monitor.sv(51) @ 1161700: uvm_test_top.env.agent.mon [MON] Observed: A=7 B=3 GCD=1
UVM_INFO src/uvm/env/gcd_sb.sv(53) @ 1163300: uvm_test_top.env.sb [SB] Match: A=7 B=4 GCD=1
UVM_INFO src/uvm/agent/gcd_monitor.sv(51) @ 1163300: uvm_test_top.env.agent.mon [MON] Observed: A=7 B=4 GCD=1
UVM_INFO src/uvm/env/gcd_sb.sv(53) @ 1164900: uvm_test_top.env.sb [SB] Match: A=7 B=5 GCD=1
UVM_INFO src/uvm/agent/gcd_monitor.sv(51) @ 1164900: uvm_test_top.env.agent.mon [MON] Observed: A=7 B=5 GCD=1
UVM_INFO src/uvm/env/gcd_sb.sv(53) @ 1166900: uvm_test_top.env.sb [SB] Match: A=7 B=6 GCD=1
UVM_INFO src/uvm/agent/gcd_monitor.sv(51) @ 1166900: uvm_test_top.env.agent.mon [MON] Observed: A=7 B=6 GCD=1
UVM_INFO src/uvm/env/gcd_sb.sv(53) @ 1167900: uvm_test_top.env.sb [SB] Match: A=7 B=7 GCD=7
UVM_INFO src/uvm/agent/gcd_monitor.sv(51) @ 1167900: uvm_test_top.env.agent.mon [MON] Observed: A=7 B=7 GCD=7
UVM_INFO src/uvm/env/gcd_sb.sv(53) @ 1170100: uvm_test_top.env.sb [SB] Match: A=7 B=8 GCD=1
UVM_INFO src/uvm/agent/gcd_monitor.sv(51) @ 1170100: uvm_test_top.env.agent.mon [MON] Observed: A=7 B=8 GCD=1
UVM_INFO src/uvm/env/gcd_sb.sv(53) @ 1172300: uvm_test_top.env.sb [SB] Match: A=8 B=1 GCD=1
UVM_INFO src/uvm/agent/gcd_monitor.sv(51) @ 1172300: uvm_test_top.env.agent.mon [MON] Observed: A=8 B=1 GCD=1
UVM_INFO src/uvm/env/gcd_sb.sv(53) @ 1173700: uvm_test_top.env.sb [SB] Match: A=8 B=2 GCD=2
UVM_INFO src/uvm/agent/gcd_monitor.sv(51) @ 1173700: uvm_test_top.env.agent.mon [MON] Observed: A=8 B=2 GCD=2
UVM_INFO src/uvm/env/gcd_sb.sv(53) @ 1175300: uvm_test_top.env.sb [SB] Match: A=8 B=3 GCD=1
UVM_INFO src/uvm/agent/gcd_monitor.sv(51) @ 1175300: uvm_test_top.env.agent.mon [MON] Observed: A=8 B=3 GCD=1
UVM_INFO src/uvm/env/gcd_sb.sv(53) @ 1176300: uvm_test_top.env.sb [SB] Match: A=8 B=4 GCD=4
UVM_INFO src/uvm/agent/gcd_monitor.sv(51) @ 1176300: uvm_test_top.env.agent.mon [MON] Observed: A=8 B=4 GCD=4
UVM_INFO src/uvm/env/gcd_sb.sv(53) @ 1177900: uvm_test_top.env.sb [SB] Match: A=8 B=5 GCD=1
UVM_INFO src/uvm/agent/gcd_monitor.sv(51) @ 1177900: uvm_test_top.env.agent.mon [MON] Observed: A=8 B=5 GCD=1
UVM_INFO src/uvm/env/gcd_sb.sv(53) @ 1179300: uvm_test_top.env.sb [SB] Match: A=8 B=6 GCD=2
UVM_INFO src/uvm/agent/gcd_monitor.sv(51) @ 1179300: uvm_test_top.env.agent.mon [MON] Observed: A=8 B=6 GCD=2
UVM_INFO src/uvm/env/gcd_sb.sv(53) @ 1181500: uvm_test_top.env.sb [SB] Match: A=8 B=7 GCD=1
UVM_INFO src/uvm/agent/gcd_monitor.sv(51) @ 1181500: uvm_test_top.env.agent.mon [MON] Observed: A=8 B=7 GCD=1
UVM_INFO src/uvm/env/gcd_sb.sv(53) @ 1182500: uvm_test_top.env.sb [SB] Match: A=8 B=8 GCD=8
UVM_INFO src/uvm/agent/gcd_monitor.sv(51) @ 1182500: uvm_test_top.env.agent.mon [MON] Observed: A=8 B=8 GCD=8
UVM_INFO src/uvm/tests/gcd_test_lib.sv(160) @ 1182500: uvm_test_top [all_gcd_test] Completed gcd_sweep_seq
UVM_INFO src/uvm/tests/gcd_test_lib.sv(156) @ 1182500: uvm_test_top [all_gcd_test] Starting gcd_coprime_seq
UVM_INFO src/uvm/env/gcd_sb.sv(53) @ 1183900: uvm_test_top.env.sb [SB] Match: A=3 B=4 GCD=1
UVM_INFO src/uvm/agent/gcd_monitor.sv(51) @ 1183900: uvm_test_top.env.agent.mon [MON] Observed: A=3 B=4 GCD=1
UVM_INFO src/uvm/env/gcd_sb.sv(53) @ 1186300: uvm_test_top.env.sb [SB] Match: A=8 B=15 GCD=1
UVM_INFO src/uvm/agent/gcd_monitor.sv(51) @ 1186300: uvm_test_top.env.agent.mon [MON] Observed: A=8 B=15 GCD=1
UVM_INFO src/uvm/env/gcd_sb.sv(53) @ 1188500: uvm_test_top.env.sb [SB] Match: A=14 B=25 GCD=1
UVM_INFO src/uvm/agent/gcd_monitor.sv(51) @ 1188500: uvm_test_top.env.agent.mon [MON] Observed: A=14 B=25 GCD=1
UVM_INFO src/uvm/env/gcd_sb.sv(53) @ 1191500: uvm_test_top.env.sb [SB] Match: A=35 B=64 GCD=1
UVM_INFO src/uvm/agent/gcd_monitor.sv(51) @ 1191500: uvm_test_top.env.agent.mon [MON] Observed: A=35 B=64 GCD=1
UVM_INFO src/uvm/env/gcd_sb.sv(53) @ 1193900: uvm_test_top.env.sb [SB] Match: A=17 B=31 GCD=1
UVM_INFO src/uvm/agent/gcd_monitor.sv(51) @ 1193900: uvm_test_top.env.agent.mon [MON] Observed: A=17 B=31 GCD=1
UVM_INFO src/uvm/env/gcd_sb.sv(53) @ 1195700: uvm_test_top.env.sb [SB] Match: A=5 B=12 GCD=1
UVM_INFO src/uvm/agent/gcd_monitor.sv(51) @ 1195700: uvm_test_top.env.agent.mon [MON] Observed: A=5 B=12 GCD=1
UVM_INFO src/uvm/env/gcd_sb.sv(53) @ 1198100: uvm_test_top.env.sb [SB] Match: A=7 B=20 GCD=1
UVM_INFO src/uvm/agent/gcd_monitor.sv(51) @ 1198100: uvm_test_top.env.agent.mon [MON] Observed: A=7 B=20 GCD=1
UVM_INFO src/uvm/env/gcd_sb.sv(53) @ 1200100: uvm_test_top.env.sb [SB] Match: A=11 B=19 GCD=1
UVM_INFO src/uvm/agent/gcd_monitor.sv(51) @ 1200100: uvm_test_top.env.agent.mon [MON] Observed: A=11 B=19 GCD=1
UVM_INFO src/uvm/tests/gcd_test_lib.sv(160) @ 1200100: uvm_test_top [all_gcd_test] Completed gcd_coprime_seq
UVM_INFO src/uvm/tests/gcd_test_lib.sv(156) @ 1200100: uvm_test_top [all_gcd_test] Starting gcd_toggle_seq
UVM_INFO src/uvm/env/gcd_sb.sv(53) @ 1201100: uvm_test_top.env.sb [SB] Match: A=0 B=1 GCD=1
UVM_INFO src/uvm/agent/gcd_monitor.sv(51) @ 1201100: uvm_test_top.env.agent.mon [MON] Observed: A=0 B=1 GCD=1
UVM_INFO src/uvm/env/gcd_sb.sv(53) @ 1252700: uvm_test_top.env.sb [SB] Match: A=255 B=1 GCD=1
UVM_INFO src/uvm/agent/gcd_monitor.sv(51) @ 1252700: uvm_test_top.env.agent.mon [MON] Observed: A=255 B=1 GCD=1
UVM_INFO src/uvm/env/gcd_sb.sv(53) @ 1304300: uvm_test_top.env.sb [SB] Match: A=1 B=255 GCD=1
UVM_INFO src/uvm/agent/gcd_monitor.sv(51) @ 1304300: uvm_test_top.env.agent.mon [MON] Observed: A=1 B=255 GCD=1
UVM_INFO src/uvm/env/gcd_sb.sv(53) @ 1305300: uvm_test_top.env.sb [SB] Match: A=170 B=85 GCD=85
UVM_INFO src/uvm/agent/gcd_monitor.sv(51) @ 1305300: uvm_test_top.env.agent.mon [MON] Observed: A=170 B=85 GCD=85
UVM_INFO src/uvm/env/gcd_sb.sv(53) @ 1306300: uvm_test_top.env.sb [SB] Match: A=85 B=170 GCD=85
UVM_INFO src/uvm/agent/gcd_monitor.sv(51) @ 1306300: uvm_test_top.env.agent.mon [MON] Observed: A=85 B=170 GCD=85
UVM_INFO src/uvm/env/gcd_sb.sv(53) @ 1310100: uvm_test_top.env.sb [SB] Match: A=240 B=15 GCD=15
UVM_INFO src/uvm/agent/gcd_monitor.sv(51) @ 1310100: uvm_test_top.env.agent.mon [MON] Observed: A=240 B=15 GCD=15
UVM_INFO src/uvm/env/gcd_sb.sv(53) @ 1313900: uvm_test_top.env.sb [SB] Match: A=15 B=240 GCD=15
UVM_INFO src/uvm/agent/gcd_monitor.sv(51) @ 1313900: uvm_test_top.env.agent.mon [MON] Observed: A=15 B=240 GCD=15
UVM_INFO src/uvm/env/gcd_sb.sv(53) @ 1314900: uvm_test_top.env.sb [SB] Match: A=128 B=64 GCD=64
UVM_INFO src/uvm/agent/gcd_monitor.sv(51) @ 1314900: uvm_test_top.env.agent.mon [MON] Observed: A=128 B=64 GCD=64
UVM_INFO src/uvm/env/gcd_sb.sv(53) @ 1315900: uvm_test_top.env.sb [SB] Match: A=64 B=128 GCD=64
UVM_INFO src/uvm/agent/gcd_monitor.sv(51) @ 1315900: uvm_test_top.env.agent.mon [MON] Observed: A=64 B=128 GCD=64
UVM_INFO src/uvm/env/gcd_sb.sv(53) @ 1325500: uvm_test_top.env.sb [SB] Match: A=127 B=3 GCD=1
UVM_INFO src/uvm/agent/gcd_monitor.sv(51) @ 1325500: uvm_test_top.env.agent.mon [MON] Observed: A=127 B=3 GCD=1
UVM_INFO src/uvm/env/gcd_sb.sv(53) @ 1327900: uvm_test_top.env.sb [SB] Match: A=156 B=88 GCD=4
UVM_INFO src/uvm/agent/gcd_monitor.sv(51) @ 1327900: uvm_test_top.env.agent.mon [MON] Observed: A=156 B=88 GCD=4
UVM_INFO src/uvm/env/gcd_sb.sv(53) @ 1353900: uvm_test_top.env.sb [SB] Match: A=254 B=2 GCD=2
UVM_INFO src/uvm/agent/gcd_monitor.sv(51) @ 1353900: uvm_test_top.env.agent.mon [MON] Observed: A=254 B=2 GCD=2
UVM_INFO src/uvm/tests/gcd_test_lib.sv(160) @ 1353900: uvm_test_top [all_gcd_test] Completed gcd_toggle_seq
UVM_INFO /tools/software/cadence/xcelium/latest/tools/methodology/UVM/CDNS-1.1d/sv/src/base/uvm_objection.svh(1245) @ 1373900: reporter [TEST_DONE] All end-of-test objections have been dropped. Calling stop tasks
UVM_INFO /tools/software/cadence/xcelium/latest/tools/methodology/UVM/CDNS-1.1d/sv/src/base/uvm_objection.svh(1268) @ 1373900: reporter [TEST_DONE] 'run' phase is ready to proceed to the 'extract' phase
UVM_INFO src/uvm/env/gcd_sb.sv(63) @ 1373900: uvm_test_top.env.sb [gcd_sb] Report:

   Scoreboard: Simulation Statistics 
     Num In:   304     Num Correct: 304
     Num Incorrect: 0

UVM_INFO src/uvm/env/gcd_sb.sv(67) @ 1373900: uvm_test_top.env.sb [gcd_sb] Status:

Simulation PASSED


--- UVM Report catcher Summary ---


Number of demoted UVM_FATAL reports  :    0
Number of demoted UVM_ERROR reports  :    0
Number of demoted UVM_WARNING reports:    0
Number of caught UVM_FATAL reports   :    0
Number of caught UVM_ERROR reports   :    0
Number of caught UVM_WARNING reports :    0

--- UVM Report Summary ---

Quit count :     0 of     1
** Report counts by severity
UVM_INFO :  643
UVM_WARNING :   10
UVM_ERROR :    0
UVM_FATAL :    0
** Report counts by id
[MAXQUITSET]     1
[MON]   304
[PHASESEQ]    13
[RNDFLD]    10
[RNTST]     1
[SB]   304
[TEST_DONE]     2
[UVMTOP]     1
[all_gcd_test]    13
[gcd_randomN_seq]     1
[gcd_sb]     2
[simple_gcd_seq]     1
Simulation complete via $finish(1) at time 137390 NS + 45
/tools/software/cadence/xcelium/latest/tools/methodology/UVM/CDNS-1.1d/sv/src/base/uvm_root.svh:457     $finish;
xcelium> exit

coverage setup:
  workdir  :  ./cov_work
  dutinst  :  gcd_tb_top(gcd_tb_top)
  scope    :  scope
  testname :  test

coverage files:
  model(design data) :  ./cov_work/scope/icc_73fae109_00000000.ucm
  data               :  ./cov_work/scope/test/icc_73fae109_00000000.ucd
TOOL:	xrun(64)	25.03-s003: Exiting on Nov 01, 2025 at 07:38:11 EDT  (total: 00:00:06)
